{"C:\\Alex\\Web-Dev\\Git-Repositories\\4-h\\client\\src\\App.tsx": {"path":"C:\\Alex\\Web-Dev\\Git-Repositories\\4-h\\client\\src\\App.tsx","statementMap":{"0":{"start":{"line":18,"column":21},"end":{"line":33,"column":1}},"1":{"start":{"line":37,"column":4},"end":{"line":62,"column":5}}},"fnMap":{"0":{"name":"(anonymous_0)","decl":{"start":{"line":36,"column":2},"end":{"line":36,"column":3}},"loc":{"start":{"line":36,"column":11},"end":{"line":63,"column":3}},"line":36}},"branchMap":{},"s":{"0":1,"1":1},"f":{"0":1},"b":{},"_coverageSchema":"332fd63041d2c1bcb487cc26dd0d5f7d97098a6c","hash":"7c13432ebb5bbeca315301391d66d8132a53323b"}
,"C:\\Alex\\Web-Dev\\Git-Repositories\\4-h\\client\\src\\Footer.tsx": {"path":"C:\\Alex\\Web-Dev\\Git-Repositories\\4-h\\client\\src\\Footer.tsx","statementMap":{"0":{"start":{"line":5,"column":46},"end":{"line":9,"column":1}},"1":{"start":{"line":6,"column":2},"end":{"line":8,"column":20}},"2":{"start":{"line":12,"column":24},"end":{"line":16,"column":1}},"3":{"start":{"line":13,"column":25},"end":{"line":13,"column":45}},"4":{"start":{"line":14,"column":20},"end":{"line":14,"column":37}},"5":{"start":{"line":18,"column":13},"end":{"line":21,"column":1}}},"fnMap":{"0":{"name":"(anonymous_0)","decl":{"start":{"line":5,"column":46},"end":{"line":5,"column":47}},"loc":{"start":{"line":6,"column":2},"end":{"line":8,"column":20}},"line":6},"1":{"name":"(anonymous_1)","decl":{"start":{"line":13,"column":16},"end":{"line":13,"column":17}},"loc":{"start":{"line":13,"column":25},"end":{"line":13,"column":45}},"line":13},"2":{"name":"(anonymous_2)","decl":{"start":{"line":14,"column":11},"end":{"line":14,"column":12}},"loc":{"start":{"line":14,"column":20},"end":{"line":14,"column":37}},"line":14}},"branchMap":{},"s":{"0":2,"1":2,"2":2,"3":2,"4":2,"5":2},"f":{"0":2,"1":2,"2":2},"b":{},"_coverageSchema":"332fd63041d2c1bcb487cc26dd0d5f7d97098a6c","hash":"aba7e1175846efaa6c4b8af0094c2d2615b2d383"}
,"C:\\Alex\\Web-Dev\\Git-Repositories\\4-h\\client\\src\\setupTests.js": {"path":"C:\\Alex\\Web-Dev\\Git-Repositories\\4-h\\client\\src\\setupTests.js","statementMap":{},"fnMap":{},"branchMap":{},"s":{},"f":{},"b":{},"_coverageSchema":"332fd63041d2c1bcb487cc26dd0d5f7d97098a6c","hash":"6dcf1c93dee32c53d40e39edf380072f568086cd"}
,"C:\\Alex\\Web-Dev\\Git-Repositories\\4-h\\client\\src\\components\\Elements.tsx": {"path":"C:\\Alex\\Web-Dev\\Git-Repositories\\4-h\\client\\src\\components\\Elements.tsx","statementMap":{"0":{"start":{"line":7,"column":26},"end":{"line":28,"column":1}},"1":{"start":{"line":12,"column":22},"end":{"line":12,"column":38}},"2":{"start":{"line":26,"column":27},"end":{"line":26,"column":48}},"3":{"start":{"line":30,"column":27},"end":{"line":34,"column":1}},"4":{"start":{"line":36,"column":28},"end":{"line":41,"column":1}},"5":{"start":{"line":37,"column":38},"end":{"line":37,"column":95}},"6":{"start":{"line":40,"column":43},"end":{"line":40,"column":71}},"7":{"start":{"line":43,"column":22},"end":{"line":58,"column":1}},"8":{"start":{"line":45,"column":20},"end":{"line":45,"column":37}},"9":{"start":{"line":46,"column":25},"end":{"line":46,"column":44}},"10":{"start":{"line":60,"column":31},"end":{"line":62,"column":1}},"11":{"start":{"line":61,"column":25},"end":{"line":61,"column":46}}},"fnMap":{"0":{"name":"(anonymous_0)","decl":{"start":{"line":12,"column":13},"end":{"line":12,"column":14}},"loc":{"start":{"line":12,"column":22},"end":{"line":12,"column":38}},"line":12},"1":{"name":"(anonymous_1)","decl":{"start":{"line":26,"column":18},"end":{"line":26,"column":19}},"loc":{"start":{"line":26,"column":27},"end":{"line":26,"column":48}},"line":26},"2":{"name":"(anonymous_2)","decl":{"start":{"line":37,"column":11},"end":{"line":37,"column":12}},"loc":{"start":{"line":37,"column":38},"end":{"line":37,"column":95}},"line":37},"3":{"name":"(anonymous_3)","decl":{"start":{"line":40,"column":16},"end":{"line":40,"column":17}},"loc":{"start":{"line":40,"column":43},"end":{"line":40,"column":71}},"line":40},"4":{"name":"(anonymous_4)","decl":{"start":{"line":45,"column":11},"end":{"line":45,"column":12}},"loc":{"start":{"line":45,"column":20},"end":{"line":45,"column":37}},"line":45},"5":{"name":"(anonymous_5)","decl":{"start":{"line":46,"column":16},"end":{"line":46,"column":17}},"loc":{"start":{"line":46,"column":25},"end":{"line":46,"column":44}},"line":46},"6":{"name":"(anonymous_6)","decl":{"start":{"line":61,"column":16},"end":{"line":61,"column":17}},"loc":{"start":{"line":61,"column":25},"end":{"line":61,"column":46}},"line":61}},"branchMap":{"0":{"loc":{"start":{"line":37,"column":38},"end":{"line":37,"column":95}},"type":"cond-expr","locations":[{"start":{"line":37,"column":52},"end":{"line":37,"column":76}},{"start":{"line":37,"column":79},"end":{"line":37,"column":95}}],"line":37},"1":{"loc":{"start":{"line":40,"column":43},"end":{"line":40,"column":71}},"type":"cond-expr","locations":[{"start":{"line":40,"column":58},"end":{"line":40,"column":66}},{"start":{"line":40,"column":69},"end":{"line":40,"column":71}}],"line":40}},"s":{"0":12,"1":65,"2":65,"3":12,"4":12,"5":22,"6":22,"7":12,"8":53,"9":53,"10":12,"11":25},"f":{"0":65,"1":65,"2":22,"3":22,"4":53,"5":53,"6":25},"b":{"0":[11,11],"1":[16,6]},"_coverageSchema":"332fd63041d2c1bcb487cc26dd0d5f7d97098a6c","hash":"c954da0d7353cd57185e9cc1995aeaf97db3046d"}
,"C:\\Alex\\Web-Dev\\Git-Repositories\\4-h\\client\\src\\components\\Flash.tsx": {"path":"C:\\Alex\\Web-Dev\\Git-Repositories\\4-h\\client\\src\\components\\Flash.tsx","statementMap":{"0":{"start":{"line":13,"column":32},"end":{"line":50,"column":1}},"1":{"start":{"line":14,"column":25},"end":{"line":14,"column":37}},"2":{"start":{"line":15,"column":2},"end":{"line":49,"column":3}},"3":{"start":{"line":24,"column":10},"end":{"line":29,"column":12}},"4":{"start":{"line":26,"column":12},"end":{"line":28,"column":30}},"5":{"start":{"line":39,"column":10},"end":{"line":45,"column":12}},"6":{"start":{"line":41,"column":12},"end":{"line":44,"column":28}},"7":{"start":{"line":51,"column":0},"end":{"line":55,"column":1}},"8":{"start":{"line":59,"column":16},"end":{"line":64,"column":1}},"9":{"start":{"line":66,"column":17},"end":{"line":73,"column":1}},"10":{"start":{"line":75,"column":14},"end":{"line":87,"column":1}},"11":{"start":{"line":78,"column":20},"end":{"line":78,"column":37}},"12":{"start":{"line":89,"column":24},"end":{"line":92,"column":1}},"13":{"start":{"line":91,"column":25},"end":{"line":91,"column":42}},"14":{"start":{"line":93,"column":22},"end":{"line":106,"column":1}},"15":{"start":{"line":95,"column":25},"end":{"line":95,"column":42}},"16":{"start":{"line":101,"column":31},"end":{"line":101,"column":50}},"17":{"start":{"line":103,"column":22},"end":{"line":103,"column":39}}},"fnMap":{"0":{"name":"(anonymous_0)","decl":{"start":{"line":13,"column":32},"end":{"line":13,"column":33}},"loc":{"start":{"line":13,"column":99},"end":{"line":50,"column":1}},"line":13},"1":{"name":"(anonymous_1)","decl":{"start":{"line":23,"column":9},"end":{"line":23,"column":10}},"loc":{"start":{"line":24,"column":10},"end":{"line":29,"column":12}},"line":24},"2":{"name":"(anonymous_2)","decl":{"start":{"line":25,"column":11},"end":{"line":25,"column":12}},"loc":{"start":{"line":26,"column":12},"end":{"line":28,"column":30}},"line":26},"3":{"name":"(anonymous_3)","decl":{"start":{"line":38,"column":9},"end":{"line":38,"column":10}},"loc":{"start":{"line":39,"column":10},"end":{"line":45,"column":12}},"line":39},"4":{"name":"(anonymous_4)","decl":{"start":{"line":40,"column":11},"end":{"line":40,"column":12}},"loc":{"start":{"line":41,"column":12},"end":{"line":44,"column":28}},"line":41},"5":{"name":"(anonymous_5)","decl":{"start":{"line":78,"column":11},"end":{"line":78,"column":12}},"loc":{"start":{"line":78,"column":20},"end":{"line":78,"column":37}},"line":78},"6":{"name":"(anonymous_6)","decl":{"start":{"line":91,"column":16},"end":{"line":91,"column":17}},"loc":{"start":{"line":91,"column":25},"end":{"line":91,"column":42}},"line":91},"7":{"name":"(anonymous_7)","decl":{"start":{"line":95,"column":16},"end":{"line":95,"column":17}},"loc":{"start":{"line":95,"column":25},"end":{"line":95,"column":42}},"line":95},"8":{"name":"(anonymous_8)","decl":{"start":{"line":101,"column":22},"end":{"line":101,"column":23}},"loc":{"start":{"line":101,"column":31},"end":{"line":101,"column":50}},"line":101},"9":{"name":"(anonymous_9)","decl":{"start":{"line":103,"column":13},"end":{"line":103,"column":14}},"loc":{"start":{"line":103,"column":22},"end":{"line":103,"column":39}},"line":103}},"branchMap":{"0":{"loc":{"start":{"line":21,"column":16},"end":{"line":21,"column":64}},"type":"binary-expr","locations":[{"start":{"line":21,"column":16},"end":{"line":21,"column":25}},{"start":{"line":21,"column":29},"end":{"line":21,"column":35}},{"start":{"line":21,"column":39},"end":{"line":21,"column":64}}],"line":21},"1":{"loc":{"start":{"line":24,"column":10},"end":{"line":29,"column":12}},"type":"binary-expr","locations":[{"start":{"line":24,"column":10},"end":{"line":24,"column":16}},{"start":{"line":25,"column":11},"end":{"line":29,"column":11}}],"line":24},"2":{"loc":{"start":{"line":26,"column":69},"end":{"line":26,"column":89}},"type":"cond-expr","locations":[{"start":{"line":26,"column":77},"end":{"line":26,"column":84}},{"start":{"line":26,"column":87},"end":{"line":26,"column":89}}],"line":26},"3":{"loc":{"start":{"line":39,"column":10},"end":{"line":45,"column":12}},"type":"binary-expr","locations":[{"start":{"line":39,"column":10},"end":{"line":39,"column":16}},{"start":{"line":40,"column":11},"end":{"line":45,"column":11}}],"line":39},"4":{"loc":{"start":{"line":41,"column":65},"end":{"line":41,"column":85}},"type":"cond-expr","locations":[{"start":{"line":41,"column":73},"end":{"line":41,"column":80}},{"start":{"line":41,"column":83},"end":{"line":41,"column":85}}],"line":41}},"s":{"0":3,"1":14,"2":14,"3":35,"4":14,"5":34,"6":8,"7":3,"8":3,"9":3,"10":3,"11":8,"12":3,"13":14,"14":3,"15":8,"16":8,"17":8},"f":{"0":14,"1":35,"2":14,"3":34,"4":8,"5":8,"6":14,"7":8,"8":8,"9":8},"b":{"0":[14,7,6],"1":[35,14],"2":[0,14],"3":[34,8],"4":[0,8]},"_coverageSchema":"332fd63041d2c1bcb487cc26dd0d5f7d97098a6c","hash":"61c5803a0fd61b3a0b72afc1f0d2200221d6edcd"}
,"C:\\Alex\\Web-Dev\\Git-Repositories\\4-h\\client\\src\\components\\Input.tsx": {"path":"C:\\Alex\\Web-Dev\\Git-Repositories\\4-h\\client\\src\\components\\Input.tsx","statementMap":{"0":{"start":{"line":11,"column":32},"end":{"line":15,"column":1}},"1":{"start":{"line":12,"column":25},"end":{"line":12,"column":55}},"2":{"start":{"line":14,"column":2},"end":{"line":14,"column":48}},"3":{"start":{"line":16,"column":0},"end":{"line":18,"column":1}}},"fnMap":{"0":{"name":"(anonymous_0)","decl":{"start":{"line":11,"column":32},"end":{"line":11,"column":33}},"loc":{"start":{"line":11,"column":49},"end":{"line":15,"column":1}},"line":11}},"branchMap":{"0":{"loc":{"start":{"line":12,"column":38},"end":{"line":12,"column":54}},"type":"binary-expr","locations":[{"start":{"line":12,"column":38},"end":{"line":12,"column":48}},{"start":{"line":12,"column":52},"end":{"line":12,"column":54}}],"line":12}},"s":{"0":1,"1":4,"2":4,"3":1},"f":{"0":4},"b":{"0":[4,3]},"_coverageSchema":"332fd63041d2c1bcb487cc26dd0d5f7d97098a6c","hash":"bf342cea3348b152be470bc633126788c48c7b1a"}
,"C:\\Alex\\Web-Dev\\Git-Repositories\\4-h\\client\\src\\components\\Modal.tsx": {"path":"C:\\Alex\\Web-Dev\\Git-Repositories\\4-h\\client\\src\\components\\Modal.tsx","statementMap":{"0":{"start":{"line":11,"column":32},"end":{"line":27,"column":1}},"1":{"start":{"line":12,"column":2},"end":{"line":26,"column":3}},"2":{"start":{"line":17,"column":40},"end":{"line":17,"column":52}},"3":{"start":{"line":22,"column":37},"end":{"line":22,"column":49}},"4":{"start":{"line":31,"column":21},"end":{"line":41,"column":1}},"5":{"start":{"line":43,"column":18},"end":{"line":51,"column":1}},"6":{"start":{"line":52,"column":19},"end":{"line":59,"column":1}},"7":{"start":{"line":61,"column":20},"end":{"line":72,"column":1}},"8":{"start":{"line":68,"column":19},"end":{"line":68,"column":36}}},"fnMap":{"0":{"name":"(anonymous_0)","decl":{"start":{"line":11,"column":32},"end":{"line":11,"column":33}},"loc":{"start":{"line":11,"column":61},"end":{"line":27,"column":1}},"line":11},"1":{"name":"(anonymous_1)","decl":{"start":{"line":17,"column":34},"end":{"line":17,"column":35}},"loc":{"start":{"line":17,"column":40},"end":{"line":17,"column":52}},"line":17},"2":{"name":"(anonymous_2)","decl":{"start":{"line":22,"column":31},"end":{"line":22,"column":32}},"loc":{"start":{"line":22,"column":37},"end":{"line":22,"column":49}},"line":22},"3":{"name":"(anonymous_3)","decl":{"start":{"line":68,"column":10},"end":{"line":68,"column":11}},"loc":{"start":{"line":68,"column":19},"end":{"line":68,"column":36}},"line":68}},"branchMap":{"0":{"loc":{"start":{"line":14,"column":7},"end":{"line":24,"column":7}},"type":"binary-expr","locations":[{"start":{"line":14,"column":7},"end":{"line":14,"column":9}},{"start":{"line":15,"column":8},"end":{"line":23,"column":23}}],"line":14}},"s":{"0":4,"1":34,"2":1,"3":1,"4":4,"5":4,"6":4,"7":4,"8":17},"f":{"0":34,"1":1,"2":1,"3":17},"b":{"0":[34,17]},"_coverageSchema":"332fd63041d2c1bcb487cc26dd0d5f7d97098a6c","hash":"44e3a2adf56f3fc37ca3fa93b76dfddae22569c4"}
,"C:\\Alex\\Web-Dev\\Git-Repositories\\4-h\\client\\src\\components\\Portal.tsx": {"path":"C:\\Alex\\Web-Dev\\Git-Repositories\\4-h\\client\\src\\components\\Portal.tsx","statementMap":{"0":{"start":{"line":14,"column":4},"end":{"line":16,"column":5}},"1":{"start":{"line":15,"column":6},"end":{"line":15,"column":54}},"2":{"start":{"line":20,"column":4},"end":{"line":22,"column":5}},"3":{"start":{"line":21,"column":6},"end":{"line":21,"column":54}},"4":{"start":{"line":25,"column":25},"end":{"line":25,"column":35}},"5":{"start":{"line":26,"column":4},"end":{"line":26,"column":80}}},"fnMap":{"0":{"name":"(anonymous_0)","decl":{"start":{"line":13,"column":22},"end":{"line":13,"column":23}},"loc":{"start":{"line":13,"column":28},"end":{"line":17,"column":3}},"line":13},"1":{"name":"(anonymous_1)","decl":{"start":{"line":19,"column":25},"end":{"line":19,"column":26}},"loc":{"start":{"line":19,"column":31},"end":{"line":23,"column":3}},"line":19},"2":{"name":"(anonymous_2)","decl":{"start":{"line":24,"column":2},"end":{"line":24,"column":3}},"loc":{"start":{"line":24,"column":11},"end":{"line":27,"column":3}},"line":24}},"branchMap":{"0":{"loc":{"start":{"line":14,"column":4},"end":{"line":16,"column":5}},"type":"if","locations":[{"start":{"line":14,"column":4},"end":{"line":16,"column":5}},{"start":{"line":14,"column":4},"end":{"line":16,"column":5}}],"line":14},"1":{"loc":{"start":{"line":14,"column":8},"end":{"line":14,"column":46}},"type":"binary-expr","locations":[{"start":{"line":14,"column":8},"end":{"line":14,"column":29}},{"start":{"line":14,"column":33},"end":{"line":14,"column":46}}],"line":14},"2":{"loc":{"start":{"line":20,"column":4},"end":{"line":22,"column":5}},"type":"if","locations":[{"start":{"line":20,"column":4},"end":{"line":22,"column":5}},{"start":{"line":20,"column":4},"end":{"line":22,"column":5}}],"line":20},"3":{"loc":{"start":{"line":20,"column":8},"end":{"line":20,"column":46}},"type":"binary-expr","locations":[{"start":{"line":20,"column":8},"end":{"line":20,"column":29}},{"start":{"line":20,"column":33},"end":{"line":20,"column":46}}],"line":20},"4":{"loc":{"start":{"line":26,"column":11},"end":{"line":26,"column":80}},"type":"cond-expr","locations":[{"start":{"line":26,"column":27},"end":{"line":26,"column":73}},{"start":{"line":26,"column":76},"end":{"line":26,"column":80}}],"line":26}},"s":{"0":14,"1":9,"2":14,"3":9,"4":34,"5":34},"f":{"0":14,"1":14,"2":34},"b":{"0":[9,5],"1":[14,9],"2":[9,5],"3":[14,9],"4":[34,0]},"_coverageSchema":"332fd63041d2c1bcb487cc26dd0d5f7d97098a6c","hash":"d9d0e2a2ea9d71e86ee90993b818500e1ecc8658"}
,"C:\\Alex\\Web-Dev\\Git-Repositories\\4-h\\client\\src\\components\\TextArea.tsx": {"path":"C:\\Alex\\Web-Dev\\Git-Repositories\\4-h\\client\\src\\components\\TextArea.tsx","statementMap":{"0":{"start":{"line":10,"column":35},"end":{"line":19,"column":1}},"1":{"start":{"line":11,"column":2},"end":{"line":14,"column":3}},"2":{"start":{"line":16,"column":16},"end":{"line":16,"column":47}},"3":{"start":{"line":18,"column":2},"end":{"line":18,"column":43}}},"fnMap":{"0":{"name":"(anonymous_0)","decl":{"start":{"line":10,"column":35},"end":{"line":10,"column":36}},"loc":{"start":{"line":10,"column":44},"end":{"line":19,"column":1}},"line":10}},"branchMap":{"0":{"loc":{"start":{"line":16,"column":29},"end":{"line":16,"column":46}},"type":"binary-expr","locations":[{"start":{"line":16,"column":29},"end":{"line":16,"column":40}},{"start":{"line":16,"column":44},"end":{"line":16,"column":46}}],"line":16}},"s":{"0":1,"1":4,"2":4,"3":4},"f":{"0":4},"b":{"0":[4,3]},"_coverageSchema":"332fd63041d2c1bcb487cc26dd0d5f7d97098a6c","hash":"567f7b7a52944b2d7415ae94e3fa2b6e046cc04b"}
,"C:\\Alex\\Web-Dev\\Git-Repositories\\4-h\\client\\src\\components\\User.tsx": {"path":"C:\\Alex\\Web-Dev\\Git-Repositories\\4-h\\client\\src\\components\\User.tsx","statementMap":{"0":{"start":{"line":24,"column":4},"end":{"line":24,"column":33}},"1":{"start":{"line":25,"column":4},"end":{"line":30,"column":5}},"2":{"start":{"line":26,"column":38},"end":{"line":26,"column":58}},"3":{"start":{"line":28,"column":8},"end":{"line":28,"column":59}},"4":{"start":{"line":34,"column":4},"end":{"line":34,"column":33}},"5":{"start":{"line":35,"column":4},"end":{"line":40,"column":7}},"6":{"start":{"line":38,"column":39},"end":{"line":38,"column":59}},"7":{"start":{"line":39,"column":37},"end":{"line":39,"column":81}},"8":{"start":{"line":44,"column":4},"end":{"line":44,"column":33}},"9":{"start":{"line":45,"column":4},"end":{"line":47,"column":106}},"10":{"start":{"line":47,"column":18},"end":{"line":47,"column":30}},"11":{"start":{"line":47,"column":61},"end":{"line":47,"column":105}},"12":{"start":{"line":51,"column":4},"end":{"line":51,"column":33}},"13":{"start":{"line":52,"column":4},"end":{"line":57,"column":7}},"14":{"start":{"line":55,"column":39},"end":{"line":55,"column":59}},"15":{"start":{"line":56,"column":37},"end":{"line":56,"column":81}},"16":{"start":{"line":61,"column":21},"end":{"line":61,"column":59}},"17":{"start":{"line":62,"column":4},"end":{"line":62,"column":27}},"18":{"start":{"line":63,"column":4},"end":{"line":63,"column":19}},"19":{"start":{"line":67,"column":25},"end":{"line":67,"column":35}},"20":{"start":{"line":68,"column":4},"end":{"line":73,"column":6}}},"fnMap":{"0":{"name":"(anonymous_0)","decl":{"start":{"line":23,"column":2},"end":{"line":23,"column":3}},"loc":{"start":{"line":23,"column":22},"end":{"line":31,"column":3}},"line":23},"1":{"name":"(anonymous_1)","decl":{"start":{"line":26,"column":6},"end":{"line":26,"column":7}},"loc":{"start":{"line":26,"column":38},"end":{"line":26,"column":58}},"line":26},"2":{"name":"(anonymous_2)","decl":{"start":{"line":27,"column":6},"end":{"line":27,"column":7}},"loc":{"start":{"line":27,"column":35},"end":{"line":29,"column":7}},"line":27},"3":{"name":"(anonymous_3)","decl":{"start":{"line":33,"column":10},"end":{"line":33,"column":11}},"loc":{"start":{"line":33,"column":78},"end":{"line":41,"column":3}},"line":33},"4":{"name":"(anonymous_4)","decl":{"start":{"line":38,"column":8},"end":{"line":38,"column":9}},"loc":{"start":{"line":38,"column":39},"end":{"line":38,"column":59}},"line":38},"5":{"name":"(anonymous_5)","decl":{"start":{"line":39,"column":8},"end":{"line":39,"column":9}},"loc":{"start":{"line":39,"column":37},"end":{"line":39,"column":81}},"line":39},"6":{"name":"(anonymous_6)","decl":{"start":{"line":43,"column":11},"end":{"line":43,"column":12}},"loc":{"start":{"line":43,"column":17},"end":{"line":48,"column":3}},"line":43},"7":{"name":"(anonymous_7)","decl":{"start":{"line":47,"column":12},"end":{"line":47,"column":13}},"loc":{"start":{"line":47,"column":18},"end":{"line":47,"column":30}},"line":47},"8":{"name":"(anonymous_8)","decl":{"start":{"line":47,"column":32},"end":{"line":47,"column":33}},"loc":{"start":{"line":47,"column":61},"end":{"line":47,"column":105}},"line":47},"9":{"name":"(anonymous_9)","decl":{"start":{"line":50,"column":13},"end":{"line":50,"column":14}},"loc":{"start":{"line":50,"column":81},"end":{"line":58,"column":3}},"line":50},"10":{"name":"(anonymous_10)","decl":{"start":{"line":55,"column":8},"end":{"line":55,"column":9}},"loc":{"start":{"line":55,"column":39},"end":{"line":55,"column":59}},"line":55},"11":{"name":"(anonymous_11)","decl":{"start":{"line":56,"column":8},"end":{"line":56,"column":9}},"loc":{"start":{"line":56,"column":37},"end":{"line":56,"column":81}},"line":56},"12":{"name":"(anonymous_12)","decl":{"start":{"line":60,"column":2},"end":{"line":60,"column":3}},"loc":{"start":{"line":60,"column":73},"end":{"line":64,"column":3}},"line":60},"13":{"name":"(anonymous_13)","decl":{"start":{"line":66,"column":2},"end":{"line":66,"column":3}},"loc":{"start":{"line":66,"column":11},"end":{"line":74,"column":3}},"line":66}},"branchMap":{},"s":{"0":6,"1":6,"2":6,"3":0,"4":2,"5":2,"6":1,"7":1,"8":1,"9":1,"10":1,"11":0,"12":2,"13":2,"14":1,"15":1,"16":22,"17":22,"18":22,"19":28,"20":28},"f":{"0":6,"1":6,"2":0,"3":2,"4":1,"5":1,"6":1,"7":1,"8":0,"9":2,"10":1,"11":1,"12":22,"13":28},"b":{},"_coverageSchema":"332fd63041d2c1bcb487cc26dd0d5f7d97098a6c","hash":"b22dccd5f471dd48e4873ec6ed32ece85b9deed2"}
,"C:\\Alex\\Web-Dev\\Git-Repositories\\4-h\\client\\src\\header\\DropdownBackground.tsx": {"path":"C:\\Alex\\Web-Dev\\Git-Repositories\\4-h\\client\\src\\header\\DropdownBackground.tsx","statementMap":{"0":{"start":{"line":5,"column":64},"end":{"line":9,"column":1}},"1":{"start":{"line":6,"column":2},"end":{"line":8,"column":8}},"2":{"start":{"line":11,"column":27},"end":{"line":25,"column":1}},"3":{"start":{"line":13,"column":25},"end":{"line":13,"column":42}},"4":{"start":{"line":20,"column":24},"end":{"line":20,"column":45}},"5":{"start":{"line":21,"column":24},"end":{"line":21,"column":43}},"6":{"start":{"line":22,"column":21},"end":{"line":22,"column":40}},"7":{"start":{"line":23,"column":22},"end":{"line":23,"column":42}},"8":{"start":{"line":24,"column":25},"end":{"line":24,"column":71}},"9":{"start":{"line":26,"column":24},"end":{"line":34,"column":1}},"10":{"start":{"line":31,"column":25},"end":{"line":31,"column":42}}},"fnMap":{"0":{"name":"(anonymous_0)","decl":{"start":{"line":5,"column":64},"end":{"line":5,"column":65}},"loc":{"start":{"line":6,"column":2},"end":{"line":8,"column":8}},"line":6},"1":{"name":"(anonymous_1)","decl":{"start":{"line":13,"column":16},"end":{"line":13,"column":17}},"loc":{"start":{"line":13,"column":25},"end":{"line":13,"column":42}},"line":13},"2":{"name":"(anonymous_2)","decl":{"start":{"line":20,"column":13},"end":{"line":20,"column":14}},"loc":{"start":{"line":20,"column":24},"end":{"line":20,"column":45}},"line":20},"3":{"name":"(anonymous_3)","decl":{"start":{"line":21,"column":13},"end":{"line":21,"column":14}},"loc":{"start":{"line":21,"column":24},"end":{"line":21,"column":43}},"line":21},"4":{"name":"(anonymous_4)","decl":{"start":{"line":22,"column":11},"end":{"line":22,"column":12}},"loc":{"start":{"line":22,"column":21},"end":{"line":22,"column":40}},"line":22},"5":{"name":"(anonymous_5)","decl":{"start":{"line":23,"column":12},"end":{"line":23,"column":13}},"loc":{"start":{"line":23,"column":22},"end":{"line":23,"column":42}},"line":23},"6":{"name":"(anonymous_6)","decl":{"start":{"line":24,"column":15},"end":{"line":24,"column":16}},"loc":{"start":{"line":24,"column":25},"end":{"line":24,"column":71}},"line":24},"7":{"name":"(anonymous_7)","decl":{"start":{"line":31,"column":16},"end":{"line":31,"column":17}},"loc":{"start":{"line":31,"column":25},"end":{"line":31,"column":42}},"line":31}},"branchMap":{"0":{"loc":{"start":{"line":20,"column":24},"end":{"line":20,"column":45}},"type":"cond-expr","locations":[{"start":{"line":20,"column":38},"end":{"line":20,"column":40}},{"start":{"line":20,"column":43},"end":{"line":20,"column":45}}],"line":20},"1":{"loc":{"start":{"line":21,"column":24},"end":{"line":21,"column":43}},"type":"cond-expr","locations":[{"start":{"line":21,"column":38},"end":{"line":21,"column":39}},{"start":{"line":21,"column":42},"end":{"line":21,"column":43}}],"line":21}},"s":{"0":2,"1":11,"2":2,"3":11,"4":11,"5":11,"6":11,"7":11,"8":11,"9":2,"10":11},"f":{"0":11,"1":11,"2":11,"3":11,"4":11,"5":11,"6":11,"7":11},"b":{"0":[3,8],"1":[3,8]},"_coverageSchema":"332fd63041d2c1bcb487cc26dd0d5f7d97098a6c","hash":"b4ad43fca6ff64e330867bb84bfa02a17ba46537"}
,"C:\\Alex\\Web-Dev\\Git-Repositories\\4-h\\client\\src\\header\\Header.tsx": {"path":"C:\\Alex\\Web-Dev\\Git-Repositories\\4-h\\client\\src\\header\\Header.tsx","statementMap":{"0":{"start":{"line":9,"column":31},"end":{"line":9,"column":72}},"1":{"start":{"line":9,"column":40},"end":{"line":9,"column":72}},"2":{"start":{"line":11,"column":46},"end":{"line":111,"column":1}},"3":{"start":{"line":12,"column":50},"end":{"line":17,"column":4}},"4":{"start":{"line":18,"column":46},"end":{"line":18,"column":67}},"5":{"start":{"line":19,"column":17},"end":{"line":19,"column":51}},"6":{"start":{"line":20,"column":31},"end":{"line":20,"column":101}},"7":{"start":{"line":22,"column":2},"end":{"line":110,"column":3}},"8":{"start":{"line":114,"column":24},"end":{"line":120,"column":1}},"9":{"start":{"line":121,"column":16},"end":{"line":126,"column":1}},"10":{"start":{"line":122,"column":20},"end":{"line":122,"column":39}},"11":{"start":{"line":127,"column":14},"end":{"line":129,"column":1}},"12":{"start":{"line":130,"column":19},"end":{"line":132,"column":1}},"13":{"start":{"line":133,"column":13},"end":{"line":136,"column":1}},"14":{"start":{"line":137,"column":14},"end":{"line":143,"column":1}},"15":{"start":{"line":142,"column":20},"end":{"line":142,"column":37}},"16":{"start":{"line":144,"column":18},"end":{"line":146,"column":1}},"17":{"start":{"line":145,"column":20},"end":{"line":145,"column":39}},"18":{"start":{"line":147,"column":32},"end":{"line":162,"column":1}},"19":{"start":{"line":159,"column":24},"end":{"line":159,"column":45}},"20":{"start":{"line":163,"column":24},"end":{"line":168,"column":1}},"21":{"start":{"line":164,"column":20},"end":{"line":164,"column":41}}},"fnMap":{"0":{"name":"(anonymous_0)","decl":{"start":{"line":9,"column":31},"end":{"line":9,"column":32}},"loc":{"start":{"line":9,"column":40},"end":{"line":9,"column":72}},"line":9},"1":{"name":"(anonymous_1)","decl":{"start":{"line":11,"column":46},"end":{"line":11,"column":47}},"loc":{"start":{"line":11,"column":52},"end":{"line":111,"column":1}},"line":11},"2":{"name":"(anonymous_2)","decl":{"start":{"line":122,"column":11},"end":{"line":122,"column":12}},"loc":{"start":{"line":122,"column":20},"end":{"line":122,"column":39}},"line":122},"3":{"name":"(anonymous_3)","decl":{"start":{"line":142,"column":11},"end":{"line":142,"column":12}},"loc":{"start":{"line":142,"column":20},"end":{"line":142,"column":37}},"line":142},"4":{"name":"(anonymous_4)","decl":{"start":{"line":145,"column":11},"end":{"line":145,"column":12}},"loc":{"start":{"line":145,"column":20},"end":{"line":145,"column":39}},"line":145},"5":{"name":"(anonymous_5)","decl":{"start":{"line":159,"column":15},"end":{"line":159,"column":16}},"loc":{"start":{"line":159,"column":24},"end":{"line":159,"column":45}},"line":159},"6":{"name":"(anonymous_6)","decl":{"start":{"line":164,"column":11},"end":{"line":164,"column":12}},"loc":{"start":{"line":164,"column":20},"end":{"line":164,"column":41}},"line":164}},"branchMap":{},"s":{"0":2,"1":154,"2":2,"3":11,"4":11,"5":11,"6":11,"7":11,"8":2,"9":2,"10":11,"11":2,"12":2,"13":2,"14":2,"15":11,"16":2,"17":165,"18":2,"19":165,"20":2,"21":165},"f":{"0":154,"1":11,"2":11,"3":11,"4":165,"5":165,"6":165},"b":{},"_coverageSchema":"332fd63041d2c1bcb487cc26dd0d5f7d97098a6c","hash":"9fccb8832d5d01c9171c7fe0e75bc5ae067c3c10"}
,"C:\\Alex\\Web-Dev\\Git-Repositories\\4-h\\client\\src\\header\\LinkGroup.tsx": {"path":"C:\\Alex\\Web-Dev\\Git-Repositories\\4-h\\client\\src\\header\\LinkGroup.tsx","statementMap":{"0":{"start":{"line":14,"column":44},"end":{"line":83,"column":1}},"1":{"start":{"line":15,"column":16},"end":{"line":15,"column":49}},"2":{"start":{"line":16,"column":22},"end":{"line":16,"column":56}},"3":{"start":{"line":18,"column":22},"end":{"line":21,"column":3}},"4":{"start":{"line":19,"column":4},"end":{"line":19,"column":35}},"5":{"start":{"line":20,"column":4},"end":{"line":20,"column":31}},"6":{"start":{"line":23,"column":21},"end":{"line":40,"column":3}},"7":{"start":{"line":24,"column":85},"end":{"line":24,"column":86}},"8":{"start":{"line":25,"column":4},"end":{"line":28,"column":5}},"9":{"start":{"line":26,"column":6},"end":{"line":26,"column":33}},"10":{"start":{"line":27,"column":6},"end":{"line":27,"column":12}},"11":{"start":{"line":29,"column":4},"end":{"line":36,"column":5}},"12":{"start":{"line":34,"column":6},"end":{"line":34,"column":33}},"13":{"start":{"line":35,"column":6},"end":{"line":35,"column":12}},"14":{"start":{"line":37,"column":4},"end":{"line":39,"column":5}},"15":{"start":{"line":38,"column":6},"end":{"line":38,"column":33}},"16":{"start":{"line":42,"column":36},"end":{"line":62,"column":3}},"17":{"start":{"line":43,"column":19},"end":{"line":43,"column":32}},"18":{"start":{"line":44,"column":25},"end":{"line":44,"column":44}},"19":{"start":{"line":45,"column":4},"end":{"line":49,"column":5}},"20":{"start":{"line":46,"column":6},"end":{"line":46,"column":43}},"21":{"start":{"line":47,"column":6},"end":{"line":47,"column":119}},"22":{"start":{"line":47,"column":23},"end":{"line":47,"column":113}},"23":{"start":{"line":48,"column":6},"end":{"line":48,"column":36}},"24":{"start":{"line":50,"column":4},"end":{"line":61,"column":5}},"25":{"start":{"line":51,"column":29},"end":{"line":51,"column":65}},"26":{"start":{"line":52,"column":24},"end":{"line":52,"column":79}},"27":{"start":{"line":53,"column":21},"end":{"line":58,"column":7}},"28":{"start":{"line":60,"column":6},"end":{"line":60,"column":40}},"29":{"start":{"line":63,"column":36},"end":{"line":68,"column":3}},"30":{"start":{"line":64,"column":4},"end":{"line":66,"column":5}},"31":{"start":{"line":65,"column":6},"end":{"line":65,"column":77}},"32":{"start":{"line":67,"column":4},"end":{"line":67,"column":35}},"33":{"start":{"line":69,"column":2},"end":{"line":82,"column":3}},"34":{"start":{"line":85,"column":22},"end":{"line":93,"column":1}},"35":{"start":{"line":86,"column":20},"end":{"line":86,"column":41}},"36":{"start":{"line":94,"column":17},"end":{"line":108,"column":1}},"37":{"start":{"line":102,"column":20},"end":{"line":102,"column":36}},"38":{"start":{"line":109,"column":18},"end":{"line":129,"column":1}}},"fnMap":{"0":{"name":"(anonymous_0)","decl":{"start":{"line":14,"column":44},"end":{"line":14,"column":45}},"loc":{"start":{"line":14,"column":96},"end":{"line":83,"column":1}},"line":14},"1":{"name":"(anonymous_1)","decl":{"start":{"line":18,"column":22},"end":{"line":18,"column":23}},"loc":{"start":{"line":18,"column":28},"end":{"line":21,"column":3}},"line":18},"2":{"name":"(anonymous_2)","decl":{"start":{"line":23,"column":21},"end":{"line":23,"column":22}},"loc":{"start":{"line":23,"column":33},"end":{"line":40,"column":3}},"line":23},"3":{"name":"(anonymous_3)","decl":{"start":{"line":42,"column":36},"end":{"line":42,"column":37}},"loc":{"start":{"line":42,"column":110},"end":{"line":62,"column":3}},"line":42},"4":{"name":"(anonymous_4)","decl":{"start":{"line":47,"column":17},"end":{"line":47,"column":18}},"loc":{"start":{"line":47,"column":23},"end":{"line":47,"column":113}},"line":47},"5":{"name":"(anonymous_5)","decl":{"start":{"line":63,"column":36},"end":{"line":63,"column":37}},"loc":{"start":{"line":63,"column":42},"end":{"line":68,"column":3}},"line":63},"6":{"name":"(anonymous_6)","decl":{"start":{"line":86,"column":11},"end":{"line":86,"column":12}},"loc":{"start":{"line":86,"column":20},"end":{"line":86,"column":41}},"line":86},"7":{"name":"(anonymous_7)","decl":{"start":{"line":102,"column":11},"end":{"line":102,"column":12}},"loc":{"start":{"line":102,"column":20},"end":{"line":102,"column":36}},"line":102}},"branchMap":{"0":{"loc":{"start":{"line":25,"column":4},"end":{"line":28,"column":5}},"type":"if","locations":[{"start":{"line":25,"column":4},"end":{"line":28,"column":5}},{"start":{"line":25,"column":4},"end":{"line":28,"column":5}}],"line":25},"1":{"loc":{"start":{"line":29,"column":4},"end":{"line":36,"column":5}},"type":"if","locations":[{"start":{"line":29,"column":4},"end":{"line":36,"column":5}},{"start":{"line":29,"column":4},"end":{"line":36,"column":5}}],"line":29},"2":{"loc":{"start":{"line":30,"column":6},"end":{"line":32,"column":52}},"type":"binary-expr","locations":[{"start":{"line":30,"column":6},"end":{"line":30,"column":59}},{"start":{"line":31,"column":6},"end":{"line":31,"column":60}},{"start":{"line":32,"column":6},"end":{"line":32,"column":52}}],"line":30},"3":{"loc":{"start":{"line":37,"column":4},"end":{"line":39,"column":5}},"type":"if","locations":[{"start":{"line":37,"column":4},"end":{"line":39,"column":5}},{"start":{"line":37,"column":4},"end":{"line":39,"column":5}}],"line":37},"4":{"loc":{"start":{"line":45,"column":4},"end":{"line":49,"column":5}},"type":"if","locations":[{"start":{"line":45,"column":4},"end":{"line":49,"column":5}},{"start":{"line":45,"column":4},"end":{"line":49,"column":5}}],"line":45},"5":{"loc":{"start":{"line":47,"column":23},"end":{"line":47,"column":113}},"type":"binary-expr","locations":[{"start":{"line":47,"column":23},"end":{"line":47,"column":65}},{"start":{"line":47,"column":69},"end":{"line":47,"column":113}}],"line":47},"6":{"loc":{"start":{"line":50,"column":4},"end":{"line":61,"column":5}},"type":"if","locations":[{"start":{"line":50,"column":4},"end":{"line":61,"column":5}},{"start":{"line":50,"column":4},"end":{"line":61,"column":5}}],"line":50},"7":{"loc":{"start":{"line":50,"column":8},"end":{"line":50,"column":55}},"type":"binary-expr","locations":[{"start":{"line":50,"column":8},"end":{"line":50,"column":20}},{"start":{"line":50,"column":24},"end":{"line":50,"column":55}}],"line":50},"8":{"loc":{"start":{"line":64,"column":4},"end":{"line":66,"column":5}},"type":"if","locations":[{"start":{"line":64,"column":4},"end":{"line":66,"column":5}},{"start":{"line":64,"column":4},"end":{"line":66,"column":5}}],"line":64}},"s":{"0":3,"1":70,"2":70,"3":70,"4":2,"5":2,"6":70,"7":2,"8":2,"9":2,"10":2,"11":0,"12":0,"13":0,"14":0,"15":0,"16":70,"17":4,"18":4,"19":4,"20":4,"21":4,"22":0,"23":4,"24":4,"25":3,"26":3,"27":3,"28":3,"29":70,"30":6,"31":6,"32":6,"33":70,"34":3,"35":70,"36":3,"37":70,"38":3},"f":{"0":70,"1":2,"2":2,"3":4,"4":0,"5":6,"6":70,"7":70},"b":{"0":[2,0],"1":[0,0],"2":[0,0,0],"3":[0,0],"4":[4,0],"5":[0,0],"6":[3,1],"7":[4,4],"8":[6,0]},"_coverageSchema":"332fd63041d2c1bcb487cc26dd0d5f7d97098a6c","hash":"cfd2659e750316ba7affef4df95574c9ad73f265"}
,"C:\\Alex\\Web-Dev\\Git-Repositories\\4-h\\client\\src\\header\\SignInModal.tsx": {"path":"C:\\Alex\\Web-Dev\\Git-Repositories\\4-h\\client\\src\\header\\SignInModal.tsx","statementMap":{"0":{"start":{"line":13,"column":38},"end":{"line":87,"column":1}},"1":{"start":{"line":14,"column":22},"end":{"line":14,"column":58}},"2":{"start":{"line":15,"column":28},"end":{"line":15,"column":73}},"3":{"start":{"line":16,"column":34},"end":{"line":16,"column":60}},"4":{"start":{"line":18,"column":2},"end":{"line":26,"column":3}},"5":{"start":{"line":20,"column":22},"end":{"line":20,"column":65}},"6":{"start":{"line":20,"column":39},"end":{"line":20,"column":58}},"7":{"start":{"line":21,"column":6},"end":{"line":23,"column":7}},"8":{"start":{"line":22,"column":8},"end":{"line":22,"column":29}},"9":{"start":{"line":28,"column":23},"end":{"line":51,"column":3}},"10":{"start":{"line":29,"column":4},"end":{"line":29,"column":22}},"11":{"start":{"line":30,"column":67},"end":{"line":30,"column":91}},"12":{"start":{"line":31,"column":21},"end":{"line":31,"column":57}},"13":{"start":{"line":32,"column":27},"end":{"line":32,"column":110}},"14":{"start":{"line":32,"column":77},"end":{"line":32,"column":109}},"15":{"start":{"line":33,"column":4},"end":{"line":50,"column":5}},"16":{"start":{"line":34,"column":6},"end":{"line":47,"column":10}},"17":{"start":{"line":40,"column":10},"end":{"line":40,"column":25}},"18":{"start":{"line":41,"column":10},"end":{"line":41,"column":22}},"19":{"start":{"line":42,"column":10},"end":{"line":42,"column":31}},"20":{"start":{"line":45,"column":10},"end":{"line":45,"column":25}},"21":{"start":{"line":46,"column":10},"end":{"line":46,"column":64}},"22":{"start":{"line":49,"column":6},"end":{"line":49,"column":46}},"23":{"start":{"line":53,"column":31},"end":{"line":56,"column":3}},"24":{"start":{"line":54,"column":4},"end":{"line":54,"column":22}},"25":{"start":{"line":55,"column":4},"end":{"line":55,"column":31}},"26":{"start":{"line":58,"column":2},"end":{"line":86,"column":3}},"27":{"start":{"line":60,"column":29},"end":{"line":60,"column":40}},"28":{"start":{"line":91,"column":15},"end":{"line":94,"column":1}},"29":{"start":{"line":92,"column":25},"end":{"line":92,"column":41}},"30":{"start":{"line":95,"column":16},"end":{"line":99,"column":1}},"31":{"start":{"line":97,"column":20},"end":{"line":97,"column":37}},"32":{"start":{"line":100,"column":13},"end":{"line":104,"column":1}},"33":{"start":{"line":105,"column":14},"end":{"line":109,"column":1}},"34":{"start":{"line":106,"column":20},"end":{"line":106,"column":39}},"35":{"start":{"line":111,"column":17},"end":{"line":115,"column":1}}},"fnMap":{"0":{"name":"(anonymous_0)","decl":{"start":{"line":13,"column":38},"end":{"line":13,"column":39}},"loc":{"start":{"line":13,"column":77},"end":{"line":87,"column":1}},"line":13},"1":{"name":"(anonymous_1)","decl":{"start":{"line":19,"column":4},"end":{"line":19,"column":5}},"loc":{"start":{"line":19,"column":10},"end":{"line":24,"column":5}},"line":19},"2":{"name":"(anonymous_2)","decl":{"start":{"line":20,"column":33},"end":{"line":20,"column":34}},"loc":{"start":{"line":20,"column":39},"end":{"line":20,"column":58}},"line":20},"3":{"name":"(anonymous_3)","decl":{"start":{"line":21,"column":13},"end":{"line":21,"column":14}},"loc":{"start":{"line":21,"column":19},"end":{"line":23,"column":7}},"line":21},"4":{"name":"(anonymous_4)","decl":{"start":{"line":28,"column":23},"end":{"line":28,"column":24}},"loc":{"start":{"line":28,"column":72},"end":{"line":51,"column":3}},"line":28},"5":{"name":"(anonymous_5)","decl":{"start":{"line":32,"column":42},"end":{"line":32,"column":43}},"loc":{"start":{"line":32,"column":77},"end":{"line":32,"column":109}},"line":32},"6":{"name":"(anonymous_6)","decl":{"start":{"line":39,"column":14},"end":{"line":39,"column":15}},"loc":{"start":{"line":39,"column":20},"end":{"line":43,"column":9}},"line":39},"7":{"name":"(anonymous_7)","decl":{"start":{"line":44,"column":15},"end":{"line":44,"column":16}},"loc":{"start":{"line":44,"column":44},"end":{"line":47,"column":9}},"line":44},"8":{"name":"(anonymous_8)","decl":{"start":{"line":53,"column":31},"end":{"line":53,"column":32}},"loc":{"start":{"line":53,"column":54},"end":{"line":56,"column":3}},"line":53},"9":{"name":"(anonymous_9)","decl":{"start":{"line":60,"column":23},"end":{"line":60,"column":24}},"loc":{"start":{"line":60,"column":29},"end":{"line":60,"column":40}},"line":60},"10":{"name":"(anonymous_10)","decl":{"start":{"line":92,"column":16},"end":{"line":92,"column":17}},"loc":{"start":{"line":92,"column":25},"end":{"line":92,"column":41}},"line":92},"11":{"name":"(anonymous_11)","decl":{"start":{"line":97,"column":11},"end":{"line":97,"column":12}},"loc":{"start":{"line":97,"column":20},"end":{"line":97,"column":37}},"line":97},"12":{"name":"(anonymous_12)","decl":{"start":{"line":106,"column":11},"end":{"line":106,"column":12}},"loc":{"start":{"line":106,"column":20},"end":{"line":106,"column":39}},"line":106}},"branchMap":{"0":{"loc":{"start":{"line":13,"column":51},"end":{"line":13,"column":70}},"type":"default-arg","locations":[{"start":{"line":13,"column":65},"end":{"line":13,"column":70}}],"line":13},"1":{"loc":{"start":{"line":32,"column":77},"end":{"line":32,"column":109}},"type":"binary-expr","locations":[{"start":{"line":32,"column":77},"end":{"line":32,"column":90}},{"start":{"line":32,"column":94},"end":{"line":32,"column":109}}],"line":32},"2":{"loc":{"start":{"line":33,"column":4},"end":{"line":50,"column":5}},"type":"if","locations":[{"start":{"line":33,"column":4},"end":{"line":50,"column":5}},{"start":{"line":33,"column":4},"end":{"line":50,"column":5}}],"line":33},"3":{"loc":{"start":{"line":46,"column":19},"end":{"line":46,"column":63}},"type":"binary-expr","locations":[{"start":{"line":46,"column":19},"end":{"line":46,"column":40}},{"start":{"line":46,"column":44},"end":{"line":46,"column":63}}],"line":46},"4":{"loc":{"start":{"line":66,"column":11},"end":{"line":66,"column":42}},"type":"binary-expr","locations":[{"start":{"line":66,"column":11},"end":{"line":66,"column":16}},{"start":{"line":66,"column":20},"end":{"line":66,"column":42}}],"line":66}},"s":{"0":3,"1":28,"2":28,"3":28,"4":28,"5":13,"6":3,"7":13,"8":13,"9":28,"10":4,"11":4,"12":4,"13":4,"14":11,"15":4,"16":3,"17":2,"18":2,"19":2,"20":1,"21":1,"22":1,"23":28,"24":1,"25":1,"26":28,"27":1,"28":3,"29":14,"30":3,"31":14,"32":3,"33":3,"34":2,"35":3},"f":{"0":28,"1":13,"2":3,"3":13,"4":4,"5":11,"6":2,"7":1,"8":1,"9":1,"10":14,"11":14,"12":2},"b":{"0":[11],"1":[11,8],"2":[3,1],"3":[1,0],"4":[28,2]},"_coverageSchema":"332fd63041d2c1bcb487cc26dd0d5f7d97098a6c","hash":"5da4405f0c001fcced34ed5c105bda4a15e02b28"}
,"C:\\Alex\\Web-Dev\\Git-Repositories\\4-h\\client\\src\\hooks\\hooks.tsx": {"path":"C:\\Alex\\Web-Dev\\Git-Repositories\\4-h\\client\\src\\hooks\\hooks.tsx","statementMap":{"0":{"start":{"line":9,"column":28},"end":{"line":13,"column":1}},"1":{"start":{"line":10,"column":28},"end":{"line":10,"column":64}},"2":{"start":{"line":11,"column":23},"end":{"line":11,"column":70}},"3":{"start":{"line":11,"column":46},"end":{"line":11,"column":70}},"4":{"start":{"line":12,"column":2},"end":{"line":12,"column":42}},"5":{"start":{"line":15,"column":23},"end":{"line":24,"column":1}},"6":{"start":{"line":16,"column":2},"end":{"line":23,"column":4}},"7":{"start":{"line":17,"column":4},"end":{"line":22,"column":5}},"8":{"start":{"line":18,"column":19},"end":{"line":18,"column":37}},"9":{"start":{"line":19,"column":6},"end":{"line":21,"column":7}},"10":{"start":{"line":20,"column":8},"end":{"line":20,"column":29}},"11":{"start":{"line":38,"column":24},"end":{"line":58,"column":1}},"12":{"start":{"line":39,"column":36},"end":{"line":39,"column":77}},"13":{"start":{"line":40,"column":28},"end":{"line":40,"column":73}},"14":{"start":{"line":42,"column":2},"end":{"line":55,"column":3}},"15":{"start":{"line":44,"column":6},"end":{"line":51,"column":7}},"16":{"start":{"line":45,"column":24},"end":{"line":47,"column":25}},"17":{"start":{"line":46,"column":10},"end":{"line":46,"column":29}},"18":{"start":{"line":48,"column":8},"end":{"line":50,"column":9}},"19":{"start":{"line":49,"column":10},"end":{"line":49,"column":31}},"20":{"start":{"line":52,"column":6},"end":{"line":52,"column":22}},"21":{"start":{"line":57,"column":2},"end":{"line":57,"column":53}}},"fnMap":{"0":{"name":"(anonymous_0)","decl":{"start":{"line":9,"column":28},"end":{"line":9,"column":29}},"loc":{"start":{"line":9,"column":75},"end":{"line":13,"column":1}},"line":9},"1":{"name":"(anonymous_1)","decl":{"start":{"line":11,"column":23},"end":{"line":11,"column":24}},"loc":{"start":{"line":11,"column":46},"end":{"line":11,"column":70}},"line":11},"2":{"name":"(anonymous_2)","decl":{"start":{"line":15,"column":23},"end":{"line":15,"column":24}},"loc":{"start":{"line":15,"column":71},"end":{"line":24,"column":1}},"line":15},"3":{"name":"(anonymous_3)","decl":{"start":{"line":16,"column":18},"end":{"line":16,"column":19}},"loc":{"start":{"line":16,"column":24},"end":{"line":23,"column":3}},"line":16},"4":{"name":"(anonymous_4)","decl":{"start":{"line":38,"column":24},"end":{"line":38,"column":25}},"loc":{"start":{"line":38,"column":101},"end":{"line":58,"column":1}},"line":38},"5":{"name":"(anonymous_5)","decl":{"start":{"line":43,"column":4},"end":{"line":43,"column":5}},"loc":{"start":{"line":43,"column":10},"end":{"line":53,"column":5}},"line":43},"6":{"name":"(anonymous_6)","decl":{"start":{"line":45,"column":35},"end":{"line":45,"column":36}},"loc":{"start":{"line":45,"column":41},"end":{"line":47,"column":9}},"line":45},"7":{"name":"(anonymous_7)","decl":{"start":{"line":48,"column":15},"end":{"line":48,"column":16}},"loc":{"start":{"line":48,"column":21},"end":{"line":50,"column":9}},"line":48}},"branchMap":{"0":{"loc":{"start":{"line":17,"column":4},"end":{"line":22,"column":5}},"type":"if","locations":[{"start":{"line":17,"column":4},"end":{"line":22,"column":5}},{"start":{"line":17,"column":4},"end":{"line":22,"column":5}}],"line":17},"1":{"loc":{"start":{"line":17,"column":8},"end":{"line":17,"column":42}},"type":"binary-expr","locations":[{"start":{"line":17,"column":8},"end":{"line":17,"column":16}},{"start":{"line":17,"column":20},"end":{"line":17,"column":42}}],"line":17},"2":{"loc":{"start":{"line":19,"column":6},"end":{"line":21,"column":7}},"type":"if","locations":[{"start":{"line":19,"column":6},"end":{"line":21,"column":7}},{"start":{"line":19,"column":6},"end":{"line":21,"column":7}}],"line":19},"3":{"loc":{"start":{"line":38,"column":45},"end":{"line":38,"column":65}},"type":"default-arg","locations":[{"start":{"line":38,"column":61},"end":{"line":38,"column":65}}],"line":38},"4":{"loc":{"start":{"line":44,"column":6},"end":{"line":51,"column":7}},"type":"if","locations":[{"start":{"line":44,"column":6},"end":{"line":51,"column":7}},{"start":{"line":44,"column":6},"end":{"line":51,"column":7}}],"line":44}},"s":{"0":7,"1":8,"2":8,"3":4,"4":8,"5":7,"6":5,"7":5,"8":1,"9":1,"10":1,"11":7,"12":13,"13":13,"14":13,"15":8,"16":3,"17":1,"18":3,"19":3,"20":5,"21":13},"f":{"0":8,"1":4,"2":5,"3":5,"4":13,"5":8,"6":1,"7":3},"b":{"0":[1,4],"1":[5,2],"2":[1,0],"3":[11],"4":[3,5]},"_coverageSchema":"332fd63041d2c1bcb487cc26dd0d5f7d97098a6c","hash":"ade62d07284ca8ac73f58176f188d5c08409409c"}
,"C:\\Alex\\Web-Dev\\Git-Repositories\\4-h\\client\\src\\pages\\About.tsx": {"path":"C:\\Alex\\Web-Dev\\Git-Repositories\\4-h\\client\\src\\pages\\About.tsx","statementMap":{"0":{"start":{"line":7,"column":45},"end":{"line":20,"column":1}},"1":{"start":{"line":8,"column":21},"end":{"line":8,"column":59}},"2":{"start":{"line":9,"column":2},"end":{"line":9,"column":65}},"3":{"start":{"line":10,"column":2},"end":{"line":19,"column":3}},"4":{"start":{"line":24,"column":16},"end":{"line":26,"column":1}}},"fnMap":{"0":{"name":"(anonymous_0)","decl":{"start":{"line":7,"column":45},"end":{"line":7,"column":46}},"loc":{"start":{"line":7,"column":51},"end":{"line":20,"column":1}},"line":7}},"branchMap":{},"s":{"0":2,"1":1,"2":1,"3":1,"4":2},"f":{"0":1},"b":{},"_coverageSchema":"332fd63041d2c1bcb487cc26dd0d5f7d97098a6c","hash":"8873b22fb07255df89cd63e07206d62750f7890d"}
,"C:\\Alex\\Web-Dev\\Git-Repositories\\4-h\\client\\src\\pages\\About4HClub.tsx": {"path":"C:\\Alex\\Web-Dev\\Git-Repositories\\4-h\\client\\src\\pages\\About4HClub.tsx","statementMap":{"0":{"start":{"line":6,"column":51},"end":{"line":168,"column":1}},"1":{"start":{"line":7,"column":2},"end":{"line":167,"column":19}},"2":{"start":{"line":171,"column":23},"end":{"line":173,"column":1}},"3":{"start":{"line":174,"column":22},"end":{"line":176,"column":1}},"4":{"start":{"line":177,"column":21},"end":{"line":182,"column":1}},"5":{"start":{"line":183,"column":19},"end":{"line":187,"column":1}},"6":{"start":{"line":188,"column":19},"end":{"line":194,"column":1}},"7":{"start":{"line":189,"column":20},"end":{"line":189,"column":41}},"8":{"start":{"line":195,"column":16},"end":{"line":198,"column":1}},"9":{"start":{"line":199,"column":10},"end":{"line":205,"column":1}},"10":{"start":{"line":206,"column":14},"end":{"line":209,"column":1}},"11":{"start":{"line":210,"column":10},"end":{"line":217,"column":1}},"12":{"start":{"line":213,"column":20},"end":{"line":213,"column":43}},"13":{"start":{"line":218,"column":19},"end":{"line":221,"column":1}},"14":{"start":{"line":222,"column":11},"end":{"line":222,"column":22}},"15":{"start":{"line":223,"column":26},"end":{"line":228,"column":1}},"16":{"start":{"line":224,"column":25},"end":{"line":224,"column":46}},"17":{"start":{"line":229,"column":23},"end":{"line":236,"column":1}},"18":{"start":{"line":237,"column":23},"end":{"line":242,"column":1}},"19":{"start":{"line":239,"column":20},"end":{"line":239,"column":39}},"20":{"start":{"line":243,"column":21},"end":{"line":247,"column":1}},"21":{"start":{"line":248,"column":19},"end":{"line":252,"column":1}},"22":{"start":{"line":253,"column":24},"end":{"line":257,"column":1}}},"fnMap":{"0":{"name":"(anonymous_0)","decl":{"start":{"line":6,"column":51},"end":{"line":6,"column":52}},"loc":{"start":{"line":7,"column":2},"end":{"line":167,"column":19}},"line":7},"1":{"name":"(anonymous_1)","decl":{"start":{"line":189,"column":11},"end":{"line":189,"column":12}},"loc":{"start":{"line":189,"column":20},"end":{"line":189,"column":41}},"line":189},"2":{"name":"(anonymous_2)","decl":{"start":{"line":213,"column":11},"end":{"line":213,"column":12}},"loc":{"start":{"line":213,"column":20},"end":{"line":213,"column":43}},"line":213},"3":{"name":"(anonymous_3)","decl":{"start":{"line":224,"column":16},"end":{"line":224,"column":17}},"loc":{"start":{"line":224,"column":25},"end":{"line":224,"column":46}},"line":224},"4":{"name":"(anonymous_4)","decl":{"start":{"line":239,"column":11},"end":{"line":239,"column":12}},"loc":{"start":{"line":239,"column":20},"end":{"line":239,"column":39}},"line":239}},"branchMap":{},"s":{"0":2,"1":1,"2":2,"3":2,"4":2,"5":2,"6":2,"7":6,"8":2,"9":2,"10":2,"11":2,"12":12,"13":2,"14":2,"15":2,"16":1,"17":2,"18":2,"19":1,"20":2,"21":2,"22":2},"f":{"0":1,"1":6,"2":12,"3":1,"4":1},"b":{},"_coverageSchema":"332fd63041d2c1bcb487cc26dd0d5f7d97098a6c","hash":"11295d74b294873e944405b68da8a1044c43e537"}
,"C:\\Alex\\Web-Dev\\Git-Repositories\\4-h\\client\\src\\pages\\ContactUs.tsx": {"path":"C:\\Alex\\Web-Dev\\Git-Repositories\\4-h\\client\\src\\pages\\ContactUs.tsx","statementMap":{"0":{"start":{"line":11,"column":49},"end":{"line":95,"column":1}},"1":{"start":{"line":12,"column":55},"end":{"line":12,"column":92}},"2":{"start":{"line":14,"column":23},"end":{"line":32,"column":3}},"3":{"start":{"line":15,"column":4},"end":{"line":15,"column":22}},"4":{"start":{"line":16,"column":37},"end":{"line":16,"column":61}},"5":{"start":{"line":17,"column":21},"end":{"line":17,"column":57}},"6":{"start":{"line":18,"column":27},"end":{"line":18,"column":110}},"7":{"start":{"line":18,"column":77},"end":{"line":18,"column":109}},"8":{"start":{"line":19,"column":4},"end":{"line":31,"column":5}},"9":{"start":{"line":20,"column":6},"end":{"line":20,"column":24}},"10":{"start":{"line":21,"column":6},"end":{"line":28,"column":76}},"11":{"start":{"line":27,"column":20},"end":{"line":27,"column":38}},"12":{"start":{"line":28,"column":44},"end":{"line":28,"column":75}},"13":{"start":{"line":30,"column":6},"end":{"line":30,"column":46}},"14":{"start":{"line":34,"column":29},"end":{"line":34,"column":54}},"15":{"start":{"line":34,"column":35},"end":{"line":34,"column":54}},"16":{"start":{"line":36,"column":2},"end":{"line":94,"column":3}},"17":{"start":{"line":98,"column":22},"end":{"line":100,"column":1}},"18":{"start":{"line":101,"column":18},"end":{"line":105,"column":1}},"19":{"start":{"line":102,"column":20},"end":{"line":102,"column":41}},"20":{"start":{"line":106,"column":17},"end":{"line":110,"column":1}},"21":{"start":{"line":111,"column":16},"end":{"line":117,"column":1}},"22":{"start":{"line":118,"column":20},"end":{"line":118,"column":32}},"23":{"start":{"line":119,"column":17},"end":{"line":121,"column":1}},"24":{"start":{"line":122,"column":22},"end":{"line":128,"column":1}},"25":{"start":{"line":129,"column":13},"end":{"line":132,"column":1}},"26":{"start":{"line":133,"column":10},"end":{"line":137,"column":1}},"27":{"start":{"line":138,"column":21},"end":{"line":142,"column":1}},"28":{"start":{"line":143,"column":19},"end":{"line":150,"column":1}},"29":{"start":{"line":144,"column":20},"end":{"line":144,"column":41}}},"fnMap":{"0":{"name":"(anonymous_0)","decl":{"start":{"line":11,"column":49},"end":{"line":11,"column":50}},"loc":{"start":{"line":11,"column":55},"end":{"line":95,"column":1}},"line":11},"1":{"name":"(anonymous_1)","decl":{"start":{"line":14,"column":23},"end":{"line":14,"column":24}},"loc":{"start":{"line":14,"column":72},"end":{"line":32,"column":3}},"line":14},"2":{"name":"(anonymous_2)","decl":{"start":{"line":18,"column":42},"end":{"line":18,"column":43}},"loc":{"start":{"line":18,"column":77},"end":{"line":18,"column":109}},"line":18},"3":{"name":"(anonymous_3)","decl":{"start":{"line":27,"column":14},"end":{"line":27,"column":15}},"loc":{"start":{"line":27,"column":20},"end":{"line":27,"column":38}},"line":27},"4":{"name":"(anonymous_4)","decl":{"start":{"line":28,"column":15},"end":{"line":28,"column":16}},"loc":{"start":{"line":28,"column":44},"end":{"line":28,"column":75}},"line":28},"5":{"name":"(anonymous_5)","decl":{"start":{"line":34,"column":29},"end":{"line":34,"column":30}},"loc":{"start":{"line":34,"column":35},"end":{"line":34,"column":54}},"line":34},"6":{"name":"(anonymous_6)","decl":{"start":{"line":102,"column":11},"end":{"line":102,"column":12}},"loc":{"start":{"line":102,"column":20},"end":{"line":102,"column":41}},"line":102},"7":{"name":"(anonymous_7)","decl":{"start":{"line":144,"column":11},"end":{"line":144,"column":12}},"loc":{"start":{"line":144,"column":20},"end":{"line":144,"column":41}},"line":144}},"branchMap":{"0":{"loc":{"start":{"line":18,"column":77},"end":{"line":18,"column":109}},"type":"binary-expr","locations":[{"start":{"line":18,"column":77},"end":{"line":18,"column":90}},{"start":{"line":18,"column":94},"end":{"line":18,"column":109}}],"line":18},"1":{"loc":{"start":{"line":19,"column":4},"end":{"line":31,"column":5}},"type":"if","locations":[{"start":{"line":19,"column":4},"end":{"line":31,"column":5}},{"start":{"line":19,"column":4},"end":{"line":31,"column":5}}],"line":19},"2":{"loc":{"start":{"line":39,"column":24},"end":{"line":39,"column":83}},"type":"cond-expr","locations":[{"start":{"line":39,"column":46},"end":{"line":39,"column":71}},{"start":{"line":39,"column":74},"end":{"line":39,"column":83}}],"line":39},"3":{"loc":{"start":{"line":39,"column":24},"end":{"line":39,"column":43}},"type":"binary-expr","locations":[{"start":{"line":39,"column":24},"end":{"line":39,"column":33}},{"start":{"line":39,"column":37},"end":{"line":39,"column":43}}],"line":39}},"s":{"0":2,"1":11,"2":11,"3":4,"4":4,"5":4,"6":4,"7":10,"8":4,"9":2,"10":2,"11":1,"12":1,"13":2,"14":11,"15":1,"16":11,"17":2,"18":2,"19":11,"20":2,"21":2,"22":2,"23":2,"24":2,"25":2,"26":2,"27":2,"28":2,"29":11},"f":{"0":11,"1":4,"2":10,"3":1,"4":1,"5":1,"6":11,"7":11},"b":{"0":[10,8],"1":[2,2],"2":[3,8],"3":[11,4]},"_coverageSchema":"332fd63041d2c1bcb487cc26dd0d5f7d97098a6c","hash":"aa922c4baeba99e4c9699113a755a98c3c5510c7"}
,"C:\\Alex\\Web-Dev\\Git-Repositories\\4-h\\client\\src\\pages\\Educator.tsx": {"path":"C:\\Alex\\Web-Dev\\Git-Repositories\\4-h\\client\\src\\pages\\Educator.tsx","statementMap":{"0":{"start":{"line":6,"column":48},"end":{"line":11,"column":1}},"1":{"start":{"line":7,"column":2},"end":{"line":10,"column":16}},"2":{"start":{"line":14,"column":11},"end":{"line":14,"column":21}}},"fnMap":{"0":{"name":"(anonymous_0)","decl":{"start":{"line":6,"column":48},"end":{"line":6,"column":49}},"loc":{"start":{"line":7,"column":2},"end":{"line":10,"column":16}},"line":7}},"branchMap":{},"s":{"0":2,"1":1,"2":2},"f":{"0":1},"b":{},"_coverageSchema":"332fd63041d2c1bcb487cc26dd0d5f7d97098a6c","hash":"7831f2de74cdd8745494c37e1fb7dcb9683df29f"}
,"C:\\Alex\\Web-Dev\\Git-Repositories\\4-h\\client\\src\\pages\\Events.tsx": {"path":"C:\\Alex\\Web-Dev\\Git-Repositories\\4-h\\client\\src\\pages\\Events.tsx","statementMap":{"0":{"start":{"line":7,"column":46},"end":{"line":19,"column":1}},"1":{"start":{"line":8,"column":23},"end":{"line":8,"column":61}},"2":{"start":{"line":9,"column":2},"end":{"line":9,"column":71}},"3":{"start":{"line":10,"column":2},"end":{"line":18,"column":3}},"4":{"start":{"line":22,"column":10},"end":{"line":22,"column":20}}},"fnMap":{"0":{"name":"(anonymous_0)","decl":{"start":{"line":7,"column":46},"end":{"line":7,"column":47}},"loc":{"start":{"line":7,"column":64},"end":{"line":19,"column":1}},"line":7}},"branchMap":{},"s":{"0":1,"1":0,"2":0,"3":0,"4":1},"f":{"0":0},"b":{},"_coverageSchema":"332fd63041d2c1bcb487cc26dd0d5f7d97098a6c","hash":"67d98ec9f6c3749aa146515fdd0f2bf1981fe105"}
,"C:\\Alex\\Web-Dev\\Git-Repositories\\4-h\\client\\src\\pages\\FindLiaison.tsx": {"path":"C:\\Alex\\Web-Dev\\Git-Repositories\\4-h\\client\\src\\pages\\FindLiaison.tsx","statementMap":{"0":{"start":{"line":15,"column":30},"end":{"line":21,"column":1}},"1":{"start":{"line":16,"column":2},"end":{"line":16,"column":76}},"2":{"start":{"line":16,"column":14},"end":{"line":16,"column":76}},"3":{"start":{"line":16,"column":46},"end":{"line":16,"column":74}},"4":{"start":{"line":17,"column":17},"end":{"line":19,"column":4}},"5":{"start":{"line":20,"column":2},"end":{"line":20,"column":15}},"6":{"start":{"line":23,"column":51},"end":{"line":126,"column":1}},"7":{"start":{"line":24,"column":34},"end":{"line":24,"column":83}},"8":{"start":{"line":25,"column":48},"end":{"line":25,"column":95}},"9":{"start":{"line":27,"column":18},"end":{"line":27,"column":56}},"10":{"start":{"line":28,"column":2},"end":{"line":28,"column":61}},"11":{"start":{"line":30,"column":2},"end":{"line":36,"column":8}},"12":{"start":{"line":35,"column":4},"end":{"line":35,"column":31}},"13":{"start":{"line":38,"column":2},"end":{"line":125,"column":3}},"14":{"start":{"line":52,"column":33},"end":{"line":52,"column":56}},"15":{"start":{"line":53,"column":45},"end":{"line":53,"column":74}},"16":{"start":{"line":68,"column":12},"end":{"line":108,"column":18}},"17":{"start":{"line":75,"column":22},"end":{"line":79,"column":23}},"18":{"start":{"line":76,"column":24},"end":{"line":76,"column":34}},"19":{"start":{"line":78,"column":24},"end":{"line":78,"column":35}},"20":{"start":{"line":80,"column":22},"end":{"line":83,"column":23}},"21":{"start":{"line":81,"column":24},"end":{"line":81,"column":40}},"22":{"start":{"line":82,"column":24},"end":{"line":82,"column":34}},"23":{"start":{"line":93,"column":20},"end":{"line":104,"column":21}},"24":{"start":{"line":129,"column":16},"end":{"line":134,"column":1}},"25":{"start":{"line":130,"column":20},"end":{"line":130,"column":41}},"26":{"start":{"line":135,"column":10},"end":{"line":140,"column":1}},"27":{"start":{"line":141,"column":13},"end":{"line":147,"column":1}},"28":{"start":{"line":146,"column":25},"end":{"line":146,"column":41}},"29":{"start":{"line":148,"column":23},"end":{"line":151,"column":1}},"30":{"start":{"line":152,"column":18},"end":{"line":156,"column":1}},"31":{"start":{"line":154,"column":27},"end":{"line":154,"column":48}},"32":{"start":{"line":157,"column":25},"end":{"line":170,"column":1}},"33":{"start":{"line":171,"column":13},"end":{"line":178,"column":1}},"34":{"start":{"line":174,"column":20},"end":{"line":174,"column":37}},"35":{"start":{"line":179,"column":16},"end":{"line":182,"column":1}},"36":{"start":{"line":183,"column":22},"end":{"line":188,"column":1}},"37":{"start":{"line":189,"column":13},"end":{"line":192,"column":1}},"38":{"start":{"line":193,"column":13},"end":{"line":196,"column":1}},"39":{"start":{"line":195,"column":20},"end":{"line":195,"column":36}},"40":{"start":{"line":197,"column":19},"end":{"line":201,"column":1}},"41":{"start":{"line":199,"column":20},"end":{"line":199,"column":37}},"42":{"start":{"line":202,"column":19},"end":{"line":207,"column":1}}},"fnMap":{"0":{"name":"(anonymous_0)","decl":{"start":{"line":15,"column":30},"end":{"line":15,"column":31}},"loc":{"start":{"line":15,"column":90},"end":{"line":21,"column":1}},"line":15},"1":{"name":"(anonymous_1)","decl":{"start":{"line":16,"column":35},"end":{"line":16,"column":36}},"loc":{"start":{"line":16,"column":46},"end":{"line":16,"column":74}},"line":16},"2":{"name":"(anonymous_2)","decl":{"start":{"line":23,"column":51},"end":{"line":23,"column":52}},"loc":{"start":{"line":23,"column":69},"end":{"line":126,"column":1}},"line":23},"3":{"name":"(anonymous_3)","decl":{"start":{"line":30,"column":18},"end":{"line":30,"column":19}},"loc":{"start":{"line":30,"column":24},"end":{"line":36,"column":3}},"line":30},"4":{"name":"(anonymous_4)","decl":{"start":{"line":52,"column":24},"end":{"line":52,"column":25}},"loc":{"start":{"line":52,"column":33},"end":{"line":52,"column":56}},"line":52},"5":{"name":"(anonymous_5)","decl":{"start":{"line":53,"column":20},"end":{"line":53,"column":21}},"loc":{"start":{"line":53,"column":45},"end":{"line":53,"column":74}},"line":53},"6":{"name":"(anonymous_6)","decl":{"start":{"line":55,"column":11},"end":{"line":55,"column":12}},"loc":{"start":{"line":68,"column":12},"end":{"line":108,"column":18}},"line":68},"7":{"name":"(anonymous_7)","decl":{"start":{"line":74,"column":29},"end":{"line":74,"column":30}},"loc":{"start":{"line":74,"column":35},"end":{"line":84,"column":21}},"line":74},"8":{"name":"(anonymous_8)","decl":{"start":{"line":92,"column":60},"end":{"line":92,"column":61}},"loc":{"start":{"line":92,"column":90},"end":{"line":105,"column":19}},"line":92},"9":{"name":"(anonymous_9)","decl":{"start":{"line":130,"column":11},"end":{"line":130,"column":12}},"loc":{"start":{"line":130,"column":20},"end":{"line":130,"column":41}},"line":130},"10":{"name":"(anonymous_10)","decl":{"start":{"line":146,"column":16},"end":{"line":146,"column":17}},"loc":{"start":{"line":146,"column":25},"end":{"line":146,"column":41}},"line":146},"11":{"name":"(anonymous_11)","decl":{"start":{"line":154,"column":18},"end":{"line":154,"column":19}},"loc":{"start":{"line":154,"column":27},"end":{"line":154,"column":48}},"line":154},"12":{"name":"(anonymous_12)","decl":{"start":{"line":174,"column":11},"end":{"line":174,"column":12}},"loc":{"start":{"line":174,"column":20},"end":{"line":174,"column":37}},"line":174},"13":{"name":"(anonymous_13)","decl":{"start":{"line":195,"column":11},"end":{"line":195,"column":12}},"loc":{"start":{"line":195,"column":20},"end":{"line":195,"column":36}},"line":195},"14":{"name":"(anonymous_14)","decl":{"start":{"line":199,"column":11},"end":{"line":199,"column":12}},"loc":{"start":{"line":199,"column":20},"end":{"line":199,"column":37}},"line":199}},"branchMap":{"0":{"loc":{"start":{"line":16,"column":2},"end":{"line":16,"column":76}},"type":"if","locations":[{"start":{"line":16,"column":2},"end":{"line":16,"column":76}},{"start":{"line":16,"column":2},"end":{"line":16,"column":76}}],"line":16},"1":{"loc":{"start":{"line":16,"column":46},"end":{"line":16,"column":74}},"type":"cond-expr","locations":[{"start":{"line":16,"column":68},"end":{"line":16,"column":69}},{"start":{"line":16,"column":72},"end":{"line":16,"column":74}}],"line":16},"2":{"loc":{"start":{"line":50,"column":7},"end":{"line":111,"column":7}},"type":"binary-expr","locations":[{"start":{"line":50,"column":7},"end":{"line":50,"column":15}},{"start":{"line":51,"column":8},"end":{"line":110,"column":20}}],"line":50},"3":{"loc":{"start":{"line":52,"column":33},"end":{"line":52,"column":56}},"type":"cond-expr","locations":[{"start":{"line":52,"column":40},"end":{"line":52,"column":51}},{"start":{"line":52,"column":54},"end":{"line":52,"column":56}}],"line":52},"4":{"loc":{"start":{"line":75,"column":22},"end":{"line":79,"column":23}},"type":"if","locations":[{"start":{"line":75,"column":22},"end":{"line":79,"column":23}},{"start":{"line":75,"column":22},"end":{"line":79,"column":23}}],"line":75},"5":{"loc":{"start":{"line":80,"column":22},"end":{"line":83,"column":23}},"type":"if","locations":[{"start":{"line":80,"column":22},"end":{"line":83,"column":23}},{"start":{"line":80,"column":22},"end":{"line":83,"column":23}}],"line":80},"6":{"loc":{"start":{"line":90,"column":15},"end":{"line":107,"column":22}},"type":"cond-expr","locations":[{"start":{"line":91,"column":16},"end":{"line":106,"column":23}},{"start":{"line":107,"column":18},"end":{"line":107,"column":22}}],"line":90},"7":{"loc":{"start":{"line":99,"column":47},"end":{"line":99,"column":90}},"type":"cond-expr","locations":[{"start":{"line":99,"column":76},"end":{"line":99,"column":85}},{"start":{"line":99,"column":88},"end":{"line":99,"column":90}}],"line":99},"8":{"loc":{"start":{"line":112,"column":7},"end":{"line":123,"column":7}},"type":"binary-expr","locations":[{"start":{"line":112,"column":7},"end":{"line":112,"column":22}},{"start":{"line":113,"column":8},"end":{"line":122,"column":18}}],"line":112}},"s":{"0":2,"1":10,"2":0,"3":0,"4":10,"5":10,"6":2,"7":3,"8":3,"9":3,"10":3,"11":3,"12":1,"13":3,"14":1,"15":1,"16":4,"17":0,"18":0,"19":0,"20":0,"21":0,"22":0,"23":4,"24":2,"25":6,"26":2,"27":2,"28":1,"29":2,"30":2,"31":4,"32":2,"33":2,"34":4,"35":2,"36":2,"37":2,"38":2,"39":1,"40":2,"41":2,"42":2},"f":{"0":10,"1":0,"2":3,"3":1,"4":1,"5":1,"6":4,"7":0,"8":4,"9":6,"10":1,"11":4,"12":4,"13":1,"14":2},"b":{"0":[0,10],"1":[0,0],"2":[3,2],"3":[1,0],"4":[0,0],"5":[0,0],"6":[1,3],"7":[0,4],"8":[3,1]},"_coverageSchema":"332fd63041d2c1bcb487cc26dd0d5f7d97098a6c","hash":"097e32c31436d557819e444f1c0fccf8d7ac213e"}
,"C:\\Alex\\Web-Dev\\Git-Repositories\\4-h\\client\\src\\pages\\GetInvolved4HClub.tsx": {"path":"C:\\Alex\\Web-Dev\\Git-Repositories\\4-h\\client\\src\\pages\\GetInvolved4HClub.tsx","statementMap":{"0":{"start":{"line":6,"column":51},"end":{"line":59,"column":1}},"1":{"start":{"line":7,"column":2},"end":{"line":58,"column":18}},"2":{"start":{"line":62,"column":22},"end":{"line":64,"column":1}},"3":{"start":{"line":65,"column":18},"end":{"line":67,"column":1}},"4":{"start":{"line":68,"column":16},"end":{"line":72,"column":1}},"5":{"start":{"line":73,"column":21},"end":{"line":77,"column":1}},"6":{"start":{"line":78,"column":13},"end":{"line":80,"column":1}},"7":{"start":{"line":81,"column":19},"end":{"line":86,"column":1}},"8":{"start":{"line":82,"column":20},"end":{"line":82,"column":41}},"9":{"start":{"line":87,"column":10},"end":{"line":93,"column":1}},"10":{"start":{"line":94,"column":10},"end":{"line":101,"column":1}},"11":{"start":{"line":97,"column":20},"end":{"line":97,"column":43}}},"fnMap":{"0":{"name":"(anonymous_0)","decl":{"start":{"line":6,"column":51},"end":{"line":6,"column":52}},"loc":{"start":{"line":7,"column":2},"end":{"line":58,"column":18}},"line":7},"1":{"name":"(anonymous_1)","decl":{"start":{"line":82,"column":11},"end":{"line":82,"column":12}},"loc":{"start":{"line":82,"column":20},"end":{"line":82,"column":41}},"line":82},"2":{"name":"(anonymous_2)","decl":{"start":{"line":97,"column":11},"end":{"line":97,"column":12}},"loc":{"start":{"line":97,"column":20},"end":{"line":97,"column":43}},"line":97}},"branchMap":{},"s":{"0":2,"1":1,"2":2,"3":2,"4":2,"5":2,"6":2,"7":2,"8":2,"9":2,"10":2,"11":4},"f":{"0":1,"1":2,"2":4},"b":{},"_coverageSchema":"332fd63041d2c1bcb487cc26dd0d5f7d97098a6c","hash":"858d4a725925a033cf16300ea08896d9f4c6f48e"}
,"C:\\Alex\\Web-Dev\\Git-Repositories\\4-h\\client\\src\\pages\\Home.tsx": {"path":"C:\\Alex\\Web-Dev\\Git-Repositories\\4-h\\client\\src\\pages\\Home.tsx","statementMap":{"0":{"start":{"line":6,"column":44},"end":{"line":11,"column":1}},"1":{"start":{"line":7,"column":2},"end":{"line":10,"column":16}},"2":{"start":{"line":14,"column":11},"end":{"line":14,"column":21}}},"fnMap":{"0":{"name":"(anonymous_0)","decl":{"start":{"line":6,"column":44},"end":{"line":6,"column":45}},"loc":{"start":{"line":7,"column":2},"end":{"line":10,"column":16}},"line":7}},"branchMap":{},"s":{"0":1,"1":1,"2":1},"f":{"0":1},"b":{},"_coverageSchema":"332fd63041d2c1bcb487cc26dd0d5f7d97098a6c","hash":"56942d8db650be7874ca2905230bfa55ee1a1d40"}
,"C:\\Alex\\Web-Dev\\Git-Repositories\\4-h\\client\\src\\pages\\NotFound.tsx": {"path":"C:\\Alex\\Web-Dev\\Git-Repositories\\4-h\\client\\src\\pages\\NotFound.tsx","statementMap":{"0":{"start":{"line":6,"column":48},"end":{"line":11,"column":1}},"1":{"start":{"line":7,"column":2},"end":{"line":10,"column":16}},"2":{"start":{"line":14,"column":11},"end":{"line":14,"column":21}}},"fnMap":{"0":{"name":"(anonymous_0)","decl":{"start":{"line":6,"column":48},"end":{"line":6,"column":49}},"loc":{"start":{"line":7,"column":2},"end":{"line":10,"column":16}},"line":7}},"branchMap":{},"s":{"0":2,"1":1,"2":2},"f":{"0":1},"b":{},"_coverageSchema":"332fd63041d2c1bcb487cc26dd0d5f7d97098a6c","hash":"eb79ebb14ad676862755fff6335828adea2f97f7"}
,"C:\\Alex\\Web-Dev\\Git-Repositories\\4-h\\client\\src\\pages\\Partner.tsx": {"path":"C:\\Alex\\Web-Dev\\Git-Repositories\\4-h\\client\\src\\pages\\Partner.tsx","statementMap":{"0":{"start":{"line":20,"column":34},"end":{"line":110,"column":1}},"1":{"start":{"line":21,"column":2},"end":{"line":23,"column":3}},"2":{"start":{"line":25,"column":32},"end":{"line":25,"column":79}},"3":{"start":{"line":27,"column":2},"end":{"line":32,"column":8}},"4":{"start":{"line":29,"column":26},"end":{"line":29,"column":84}},"5":{"start":{"line":29,"column":65},"end":{"line":29,"column":80}},"6":{"start":{"line":30,"column":4},"end":{"line":30,"column":25}},"7":{"start":{"line":31,"column":4},"end":{"line":31,"column":29}},"8":{"start":{"line":34,"column":24},"end":{"line":42,"column":3}},"9":{"start":{"line":36,"column":6},"end":{"line":36,"column":26}},"10":{"start":{"line":36,"column":20},"end":{"line":36,"column":26}},"11":{"start":{"line":37,"column":6},"end":{"line":40,"column":55}},"12":{"start":{"line":37,"column":43},"end":{"line":37,"column":94}},"13":{"start":{"line":38,"column":11},"end":{"line":40,"column":55}},"14":{"start":{"line":39,"column":8},"end":{"line":39,"column":79}},"15":{"start":{"line":40,"column":13},"end":{"line":40,"column":55}},"16":{"start":{"line":44,"column":2},"end":{"line":109,"column":3}},"17":{"start":{"line":49,"column":39},"end":{"line":49,"column":60}},"18":{"start":{"line":60,"column":16},"end":{"line":60,"column":108}},"19":{"start":{"line":69,"column":18},"end":{"line":69,"column":73}},"20":{"start":{"line":79,"column":18},"end":{"line":84,"column":31}},"21":{"start":{"line":94,"column":18},"end":{"line":99,"column":31}},"22":{"start":{"line":113,"column":23},"end":{"line":117,"column":1}},"23":{"start":{"line":118,"column":22},"end":{"line":122,"column":1}},"24":{"start":{"line":123,"column":13},"end":{"line":128,"column":1}},"25":{"start":{"line":129,"column":19},"end":{"line":133,"column":1}},"26":{"start":{"line":134,"column":22},"end":{"line":139,"column":1}},"27":{"start":{"line":140,"column":20},"end":{"line":143,"column":1}},"28":{"start":{"line":144,"column":16},"end":{"line":146,"column":1}},"29":{"start":{"line":147,"column":16},"end":{"line":151,"column":1}},"30":{"start":{"line":152,"column":19},"end":{"line":154,"column":1}},"31":{"start":{"line":155,"column":19},"end":{"line":171,"column":1}},"32":{"start":{"line":172,"column":25},"end":{"line":178,"column":1}},"33":{"start":{"line":175,"column":42},"end":{"line":175,"column":68}},"34":{"start":{"line":180,"column":24},"end":{"line":183,"column":1}},"35":{"start":{"line":184,"column":25},"end":{"line":187,"column":1}},"36":{"start":{"line":189,"column":20},"end":{"line":194,"column":1}},"37":{"start":{"line":190,"column":20},"end":{"line":190,"column":43}},"38":{"start":{"line":195,"column":21},"end":{"line":199,"column":1}},"39":{"start":{"line":200,"column":12},"end":{"line":203,"column":1}},"40":{"start":{"line":204,"column":19},"end":{"line":209,"column":1}},"41":{"start":{"line":205,"column":20},"end":{"line":205,"column":41}},"42":{"start":{"line":210,"column":19},"end":{"line":223,"column":1}},"43":{"start":{"line":224,"column":17},"end":{"line":227,"column":1}},"44":{"start":{"line":228,"column":17},"end":{"line":233,"column":1}},"45":{"start":{"line":229,"column":20},"end":{"line":229,"column":39}},"46":{"start":{"line":234,"column":10},"end":{"line":241,"column":1}},"47":{"start":{"line":237,"column":20},"end":{"line":237,"column":43}},"48":{"start":{"line":242,"column":10},"end":{"line":248,"column":1}}},"fnMap":{"0":{"name":"(anonymous_0)","decl":{"start":{"line":20,"column":34},"end":{"line":20,"column":35}},"loc":{"start":{"line":20,"column":58},"end":{"line":110,"column":1}},"line":20},"1":{"name":"(anonymous_1)","decl":{"start":{"line":27,"column":18},"end":{"line":27,"column":19}},"loc":{"start":{"line":27,"column":24},"end":{"line":32,"column":3}},"line":27},"2":{"name":"(anonymous_2)","decl":{"start":{"line":29,"column":48},"end":{"line":29,"column":49}},"loc":{"start":{"line":29,"column":65},"end":{"line":29,"column":80}},"line":29},"3":{"name":"(anonymous_3)","decl":{"start":{"line":35,"column":13},"end":{"line":35,"column":14}},"loc":{"start":{"line":35,"column":45},"end":{"line":41,"column":5}},"line":35},"4":{"name":"(anonymous_4)","decl":{"start":{"line":49,"column":33},"end":{"line":49,"column":34}},"loc":{"start":{"line":49,"column":39},"end":{"line":49,"column":60}},"line":49},"5":{"name":"(anonymous_5)","decl":{"start":{"line":59,"column":42},"end":{"line":59,"column":43}},"loc":{"start":{"line":60,"column":16},"end":{"line":60,"column":108}},"line":60},"6":{"name":"(anonymous_6)","decl":{"start":{"line":68,"column":36},"end":{"line":68,"column":37}},"loc":{"start":{"line":69,"column":18},"end":{"line":69,"column":73}},"line":69},"7":{"name":"(anonymous_7)","decl":{"start":{"line":78,"column":43},"end":{"line":78,"column":44}},"loc":{"start":{"line":79,"column":18},"end":{"line":84,"column":31}},"line":79},"8":{"name":"(anonymous_8)","decl":{"start":{"line":93,"column":42},"end":{"line":93,"column":43}},"loc":{"start":{"line":94,"column":18},"end":{"line":99,"column":31}},"line":94},"9":{"name":"(anonymous_9)","decl":{"start":{"line":175,"column":26},"end":{"line":175,"column":27}},"loc":{"start":{"line":175,"column":42},"end":{"line":175,"column":68}},"line":175},"10":{"name":"(anonymous_10)","decl":{"start":{"line":190,"column":11},"end":{"line":190,"column":12}},"loc":{"start":{"line":190,"column":20},"end":{"line":190,"column":43}},"line":190},"11":{"name":"(anonymous_11)","decl":{"start":{"line":205,"column":11},"end":{"line":205,"column":12}},"loc":{"start":{"line":205,"column":20},"end":{"line":205,"column":41}},"line":205},"12":{"name":"(anonymous_12)","decl":{"start":{"line":229,"column":11},"end":{"line":229,"column":12}},"loc":{"start":{"line":229,"column":20},"end":{"line":229,"column":39}},"line":229},"13":{"name":"(anonymous_13)","decl":{"start":{"line":237,"column":11},"end":{"line":237,"column":12}},"loc":{"start":{"line":237,"column":20},"end":{"line":237,"column":43}},"line":237}},"branchMap":{"0":{"loc":{"start":{"line":22,"column":14},"end":{"line":22,"column":39}},"type":"binary-expr","locations":[{"start":{"line":22,"column":14},"end":{"line":22,"column":22}},{"start":{"line":22,"column":26},"end":{"line":22,"column":39}}],"line":22},"1":{"loc":{"start":{"line":36,"column":6},"end":{"line":36,"column":26}},"type":"if","locations":[{"start":{"line":36,"column":6},"end":{"line":36,"column":26}},{"start":{"line":36,"column":6},"end":{"line":36,"column":26}}],"line":36},"2":{"loc":{"start":{"line":37,"column":6},"end":{"line":40,"column":55}},"type":"if","locations":[{"start":{"line":37,"column":6},"end":{"line":40,"column":55}},{"start":{"line":37,"column":6},"end":{"line":40,"column":55}}],"line":37},"3":{"loc":{"start":{"line":38,"column":11},"end":{"line":40,"column":55}},"type":"if","locations":[{"start":{"line":38,"column":11},"end":{"line":40,"column":55}},{"start":{"line":38,"column":11},"end":{"line":40,"column":55}}],"line":38},"4":{"loc":{"start":{"line":46,"column":7},"end":{"line":107,"column":7}},"type":"cond-expr","locations":[{"start":{"line":47,"column":8},"end":{"line":104,"column":25}},{"start":{"line":106,"column":8},"end":{"line":106,"column":34}}],"line":46},"5":{"loc":{"start":{"line":60,"column":68},"end":{"line":60,"column":104}},"type":"binary-expr","locations":[{"start":{"line":60,"column":68},"end":{"line":60,"column":77}},{"start":{"line":60,"column":81},"end":{"line":60,"column":104}}],"line":60},"6":{"loc":{"start":{"line":64,"column":11},"end":{"line":73,"column":11}},"type":"binary-expr","locations":[{"start":{"line":64,"column":11},"end":{"line":64,"column":25}},{"start":{"line":65,"column":12},"end":{"line":72,"column":22}}],"line":64},"7":{"loc":{"start":{"line":74,"column":11},"end":{"line":88,"column":11}},"type":"binary-expr","locations":[{"start":{"line":74,"column":11},"end":{"line":74,"column":32}},{"start":{"line":75,"column":12},"end":{"line":87,"column":22}}],"line":74},"8":{"loc":{"start":{"line":89,"column":11},"end":{"line":103,"column":11}},"type":"binary-expr","locations":[{"start":{"line":89,"column":11},"end":{"line":89,"column":31}},{"start":{"line":90,"column":12},"end":{"line":102,"column":22}}],"line":89}},"s":{"0":2,"1":8,"2":8,"3":8,"4":4,"5":40,"6":4,"7":4,"8":8,"9":63,"10":39,"11":24,"12":12,"13":12,"14":6,"15":6,"16":8,"17":1,"18":3,"19":0,"20":18,"21":0,"22":2,"23":2,"24":2,"25":2,"26":2,"27":2,"28":2,"29":2,"30":2,"31":2,"32":2,"33":18,"34":2,"35":2,"36":2,"37":18,"38":2,"39":2,"40":2,"41":3,"42":2,"43":2,"44":2,"45":3,"46":2,"47":6,"48":2},"f":{"0":8,"1":4,"2":40,"3":63,"4":1,"5":3,"6":0,"7":18,"8":0,"9":18,"10":18,"11":3,"12":3,"13":6},"b":{"0":[8,2],"1":[39,24],"2":[12,12],"3":[6,6],"4":[3,5],"5":[3,3],"6":[3,0],"7":[3,3],"8":[3,0]},"_coverageSchema":"332fd63041d2c1bcb487cc26dd0d5f7d97098a6c","hash":"e68d25f05488db1de3eedc9f3c1b409a6dcf5970"}
,"C:\\Alex\\Web-Dev\\Git-Repositories\\4-h\\client\\src\\pages\\Photos.tsx": {"path":"C:\\Alex\\Web-Dev\\Git-Repositories\\4-h\\client\\src\\pages\\Photos.tsx","statementMap":{"0":{"start":{"line":6,"column":46},"end":{"line":11,"column":1}},"1":{"start":{"line":7,"column":2},"end":{"line":10,"column":16}},"2":{"start":{"line":14,"column":11},"end":{"line":14,"column":21}}},"fnMap":{"0":{"name":"(anonymous_0)","decl":{"start":{"line":6,"column":46},"end":{"line":6,"column":47}},"loc":{"start":{"line":7,"column":2},"end":{"line":10,"column":16}},"line":7}},"branchMap":{},"s":{"0":2,"1":1,"2":2},"f":{"0":1},"b":{},"_coverageSchema":"332fd63041d2c1bcb487cc26dd0d5f7d97098a6c","hash":"c40548b0711db3eadb0989fe2d3bcbd4a134a3d8"}
,"C:\\Alex\\Web-Dev\\Git-Repositories\\4-h\\client\\src\\pages\\partners\\PartnerSection.tsx": {"path":"C:\\Alex\\Web-Dev\\Git-Repositories\\4-h\\client\\src\\pages\\partners\\PartnerSection.tsx","statementMap":{"0":{"start":{"line":12,"column":41},"end":{"line":28,"column":1}},"1":{"start":{"line":13,"column":2},"end":{"line":27,"column":3}},"2":{"start":{"line":23,"column":10},"end":{"line":23,"column":102}},"3":{"start":{"line":31,"column":28},"end":{"line":34,"column":1}},"4":{"start":{"line":33,"column":33},"end":{"line":33,"column":86}},"5":{"start":{"line":35,"column":14},"end":{"line":38,"column":1}},"6":{"start":{"line":36,"column":20},"end":{"line":36,"column":41}},"7":{"start":{"line":39,"column":22},"end":{"line":47,"column":1}},"8":{"start":{"line":45,"column":25},"end":{"line":45,"column":42}},"9":{"start":{"line":48,"column":20},"end":{"line":51,"column":1}},"10":{"start":{"line":52,"column":18},"end":{"line":65,"column":1}},"11":{"start":{"line":54,"column":31},"end":{"line":54,"column":52}},"12":{"start":{"line":57,"column":20},"end":{"line":57,"column":41}},"13":{"start":{"line":60,"column":22},"end":{"line":60,"column":39}},"14":{"start":{"line":62,"column":27},"end":{"line":62,"column":48}},"15":{"start":{"line":66,"column":21},"end":{"line":73,"column":1}},"16":{"start":{"line":70,"column":37},"end":{"line":70,"column":82}},"17":{"start":{"line":74,"column":13},"end":{"line":79,"column":1}}},"fnMap":{"0":{"name":"(anonymous_0)","decl":{"start":{"line":12,"column":41},"end":{"line":12,"column":42}},"loc":{"start":{"line":12,"column":65},"end":{"line":28,"column":1}},"line":12},"1":{"name":"(anonymous_1)","decl":{"start":{"line":22,"column":36},"end":{"line":22,"column":37}},"loc":{"start":{"line":23,"column":10},"end":{"line":23,"column":102}},"line":23},"2":{"name":"(anonymous_2)","decl":{"start":{"line":33,"column":16},"end":{"line":33,"column":17}},"loc":{"start":{"line":33,"column":33},"end":{"line":33,"column":86}},"line":33},"3":{"name":"(anonymous_3)","decl":{"start":{"line":36,"column":11},"end":{"line":36,"column":12}},"loc":{"start":{"line":36,"column":20},"end":{"line":36,"column":41}},"line":36},"4":{"name":"(anonymous_4)","decl":{"start":{"line":45,"column":16},"end":{"line":45,"column":17}},"loc":{"start":{"line":45,"column":25},"end":{"line":45,"column":42}},"line":45},"5":{"name":"(anonymous_5)","decl":{"start":{"line":54,"column":22},"end":{"line":54,"column":23}},"loc":{"start":{"line":54,"column":31},"end":{"line":54,"column":52}},"line":54},"6":{"name":"(anonymous_6)","decl":{"start":{"line":57,"column":11},"end":{"line":57,"column":12}},"loc":{"start":{"line":57,"column":20},"end":{"line":57,"column":41}},"line":57},"7":{"name":"(anonymous_7)","decl":{"start":{"line":60,"column":13},"end":{"line":60,"column":14}},"loc":{"start":{"line":60,"column":22},"end":{"line":60,"column":39}},"line":60},"8":{"name":"(anonymous_8)","decl":{"start":{"line":62,"column":18},"end":{"line":62,"column":19}},"loc":{"start":{"line":62,"column":27},"end":{"line":62,"column":48}},"line":62},"9":{"name":"(anonymous_9)","decl":{"start":{"line":70,"column":20},"end":{"line":70,"column":21}},"loc":{"start":{"line":70,"column":37},"end":{"line":70,"column":82}},"line":70}},"branchMap":{"0":{"loc":{"start":{"line":23,"column":62},"end":{"line":23,"column":98}},"type":"binary-expr","locations":[{"start":{"line":23,"column":62},"end":{"line":23,"column":71}},{"start":{"line":23,"column":75},"end":{"line":23,"column":98}}],"line":23},"1":{"loc":{"start":{"line":33,"column":33},"end":{"line":33,"column":86}},"type":"cond-expr","locations":[{"start":{"line":33,"column":57},"end":{"line":33,"column":74}},{"start":{"line":33,"column":77},"end":{"line":33,"column":86}}],"line":33},"2":{"loc":{"start":{"line":70,"column":37},"end":{"line":70,"column":82}},"type":"cond-expr","locations":[{"start":{"line":70,"column":61},"end":{"line":70,"column":74}},{"start":{"line":70,"column":77},"end":{"line":70,"column":82}}],"line":70}},"s":{"0":2,"1":10,"2":12,"3":2,"4":10,"5":2,"6":10,"7":2,"8":12,"9":2,"10":2,"11":10,"12":10,"13":10,"14":10,"15":2,"16":10,"17":2},"f":{"0":10,"1":12,"2":10,"3":10,"4":12,"5":10,"6":10,"7":10,"8":10,"9":10},"b":{"0":[12,7],"1":[5,5],"2":[5,5]},"_coverageSchema":"332fd63041d2c1bcb487cc26dd0d5f7d97098a6c","hash":"0a9e521cb4953f13815dc075f75e545d4a164329"}
,"C:\\Alex\\Web-Dev\\Git-Repositories\\4-h\\client\\src\\pages\\partners\\Partners.tsx": {"path":"C:\\Alex\\Web-Dev\\Git-Repositories\\4-h\\client\\src\\pages\\partners\\Partners.tsx","statementMap":{"0":{"start":{"line":9,"column":48},"end":{"line":39,"column":1}},"1":{"start":{"line":10,"column":34},"end":{"line":10,"column":90}},"2":{"start":{"line":14,"column":4},"end":{"line":14,"column":143}},"3":{"start":{"line":15,"column":2},"end":{"line":18,"column":8}},"4":{"start":{"line":17,"column":4},"end":{"line":17,"column":38}},"5":{"start":{"line":19,"column":2},"end":{"line":38,"column":3}},"6":{"start":{"line":32,"column":43},"end":{"line":32,"column":112}},"7":{"start":{"line":42,"column":16},"end":{"line":44,"column":1}},"8":{"start":{"line":45,"column":13},"end":{"line":52,"column":1}},"9":{"start":{"line":53,"column":16},"end":{"line":58,"column":1}},"10":{"start":{"line":56,"column":20},"end":{"line":56,"column":37}},"11":{"start":{"line":59,"column":13},"end":{"line":70,"column":1}},"12":{"start":{"line":62,"column":20},"end":{"line":62,"column":37}},"13":{"start":{"line":71,"column":18},"end":{"line":80,"column":1}},"14":{"start":{"line":81,"column":19},"end":{"line":85,"column":1}},"15":{"start":{"line":82,"column":20},"end":{"line":82,"column":41}},"16":{"start":{"line":86,"column":20},"end":{"line":88,"column":1}}},"fnMap":{"0":{"name":"(anonymous_0)","decl":{"start":{"line":9,"column":48},"end":{"line":9,"column":49}},"loc":{"start":{"line":9,"column":54},"end":{"line":39,"column":1}},"line":9},"1":{"name":"(anonymous_1)","decl":{"start":{"line":15,"column":18},"end":{"line":15,"column":19}},"loc":{"start":{"line":15,"column":24},"end":{"line":18,"column":3}},"line":15},"2":{"name":"(anonymous_2)","decl":{"start":{"line":32,"column":23},"end":{"line":32,"column":24}},"loc":{"start":{"line":32,"column":43},"end":{"line":32,"column":112}},"line":32},"3":{"name":"(anonymous_3)","decl":{"start":{"line":56,"column":11},"end":{"line":56,"column":12}},"loc":{"start":{"line":56,"column":20},"end":{"line":56,"column":37}},"line":56},"4":{"name":"(anonymous_4)","decl":{"start":{"line":62,"column":11},"end":{"line":62,"column":12}},"loc":{"start":{"line":62,"column":20},"end":{"line":62,"column":37}},"line":62},"5":{"name":"(anonymous_5)","decl":{"start":{"line":82,"column":11},"end":{"line":82,"column":12}},"loc":{"start":{"line":82,"column":20},"end":{"line":82,"column":41}},"line":82}},"branchMap":{"0":{"loc":{"start":{"line":31,"column":9},"end":{"line":35,"column":9}},"type":"cond-expr","locations":[{"start":{"line":32,"column":10},"end":{"line":32,"column":113}},{"start":{"line":34,"column":10},"end":{"line":34,"column":29}}],"line":31}},"s":{"0":2,"1":2,"2":2,"3":2,"4":1,"5":2,"6":10,"7":2,"8":2,"9":2,"10":2,"11":2,"12":2,"13":2,"14":2,"15":2,"16":2},"f":{"0":2,"1":1,"2":10,"3":2,"4":2,"5":2},"b":{"0":[1,1]},"_coverageSchema":"332fd63041d2c1bcb487cc26dd0d5f7d97098a6c","hash":"b4dad084d8d8e533d60465df2ed869fe4125fb2f"}
,"C:\\Alex\\Web-Dev\\Git-Repositories\\4-h\\client\\src\\utils\\generate.ts": {"path":"C:\\Alex\\Web-Dev\\Git-Repositories\\4-h\\client\\src\\utils\\generate.ts","statementMap":{"0":{"start":{"line":4,"column":17},"end":{"line":23,"column":1}},"1":{"start":{"line":5,"column":78},"end":{"line":9,"column":3}},"2":{"start":{"line":10,"column":57},"end":{"line":17,"column":3}},"3":{"start":{"line":19,"column":21},"end":{"line":19,"column":69}},"4":{"start":{"line":19,"column":50},"end":{"line":19,"column":68}},"5":{"start":{"line":20,"column":4},"end":{"line":20,"column":19}},"6":{"start":{"line":22,"column":34},"end":{"line":22,"column":104}}},"fnMap":{"0":{"name":"(anonymous_0)","decl":{"start":{"line":5,"column":18},"end":{"line":5,"column":19}},"loc":{"start":{"line":5,"column":78},"end":{"line":9,"column":3}},"line":5},"1":{"name":"(anonymous_1)","decl":{"start":{"line":10,"column":11},"end":{"line":10,"column":12}},"loc":{"start":{"line":10,"column":57},"end":{"line":17,"column":3}},"line":10},"2":{"name":"(anonymous_2)","decl":{"start":{"line":18,"column":12},"end":{"line":18,"column":13}},"loc":{"start":{"line":18,"column":44},"end":{"line":21,"column":3}},"line":18},"3":{"name":"(anonymous_3)","decl":{"start":{"line":19,"column":44},"end":{"line":19,"column":45}},"loc":{"start":{"line":19,"column":50},"end":{"line":19,"column":68}},"line":19},"4":{"name":"(anonymous_4)","decl":{"start":{"line":22,"column":14},"end":{"line":22,"column":15}},"loc":{"start":{"line":22,"column":34},"end":{"line":22,"column":104}},"line":22}},"branchMap":{},"s":{"0":4,"1":2,"2":17,"3":1,"4":2,"5":1,"6":5},"f":{"0":2,"1":17,"2":1,"3":2,"4":5},"b":{},"_coverageSchema":"332fd63041d2c1bcb487cc26dd0d5f7d97098a6c","hash":"2ec842c39c00a8632dd16d3eb7f272b683a38f4e"}
,"C:\\Alex\\Web-Dev\\Git-Repositories\\4-h\\client\\src\\utils\\string.ts": {"path":"C:\\Alex\\Web-Dev\\Git-Repositories\\4-h\\client\\src\\utils\\string.ts","statementMap":{"0":{"start":{"line":1,"column":28},"end":{"line":4,"column":1}},"1":{"start":{"line":2,"column":16},"end":{"line":2,"column":47}},"2":{"start":{"line":3,"column":2},"end":{"line":3,"column":88}}},"fnMap":{"0":{"name":"(anonymous_0)","decl":{"start":{"line":1,"column":28},"end":{"line":1,"column":29}},"loc":{"start":{"line":1,"column":72},"end":{"line":4,"column":1}},"line":1}},"branchMap":{"0":{"loc":{"start":{"line":3,"column":9},"end":{"line":3,"column":88}},"type":"cond-expr","locations":[{"start":{"line":3,"column":42},"end":{"line":3,"column":80}},{"start":{"line":3,"column":83},"end":{"line":3,"column":88}}],"line":3}},"s":{"0":3,"1":13,"2":13},"f":{"0":13},"b":{"0":[6,7]},"_coverageSchema":"332fd63041d2c1bcb487cc26dd0d5f7d97098a6c","hash":"12eb7149a3f78d91bab494ef32c0ce7a4a8d09a4"}
}
